<?xml version="1.0" encoding="UTF-8"?>
<coverage generated="1678278214487" clover="3.2.0">
  <project timestamp="1678278214488" name="All files">
    <metrics statements="611" coveredstatements="600" conditionals="362" coveredconditionals="353" methods="35" coveredmethods="35" elements="1008" coveredelements="988" complexity="0" loc="611" ncloc="611" packages="1" files="2" classes="2"/>
    <file name="HashiConnectionChecker.js" path="C:\Users\bnmil\OneDrive\Documents\GitHub\project-code\backend\AI\HashiConnectionChecker.js">
      <metrics statements="64" coveredstatements="64" conditionals="24" coveredconditionals="24" methods="6" coveredmethods="6"/>
      <line num="2" count="1" type="stmt"/>
      <line num="3" count="1" type="stmt"/>
      <line num="4" count="1" type="stmt"/>
      <line num="5" count="1" type="stmt"/>
      <line num="19" count="175" type="stmt"/>
      <line num="20" count="175" type="stmt"/>
      <line num="21" count="175" type="stmt"/>
      <line num="28" count="7" type="stmt"/>
      <line num="31" count="7" type="stmt"/>
      <line num="32" count="47" type="stmt"/>
      <line num="35" count="502" type="cond" truecount="4" falsecount="0"/>
      <line num="38" count="175" type="stmt"/>
      <line num="41" count="175" type="stmt"/>
      <line num="44" count="175" type="stmt"/>
      <line num="46" count="175" type="stmt"/>
      <line num="48" count="175" type="stmt"/>
      <line num="53" count="7" type="stmt"/>
      <line num="58" count="170" type="cond" truecount="2" falsecount="0"/>
      <line num="60" count="166" type="cond" truecount="2" falsecount="0"/>
      <line num="62" count="116" type="stmt"/>
      <line num="64" count="152" type="stmt"/>
      <line num="65" count="152" type="stmt"/>
      <line num="66" count="152" type="stmt"/>
      <line num="72" count="50" type="stmt"/>
      <line num="74" count="105" type="stmt"/>
      <line num="75" count="105" type="stmt"/>
      <line num="76" count="105" type="stmt"/>
      <line num="79" count="166" type="stmt"/>
      <line num="86" count="7" type="stmt"/>
      <line num="89" count="175" type="stmt"/>
      <line num="90" count="175" type="stmt"/>
      <line num="91" count="175" type="stmt"/>
      <line num="92" count="175" type="stmt"/>
      <line num="95" count="175" type="cond" truecount="5" falsecount="0"/>
      <line num="98" count="82" type="stmt"/>
      <line num="99" count="82" type="cond" truecount="2" falsecount="0"/>
      <line num="100" count="64" type="stmt"/>
      <line num="104" count="82" type="stmt"/>
      <line num="107" count="82" type="stmt"/>
      <line num="108" count="82" type="stmt"/>
      <line num="109" count="82" type="stmt"/>
      <line num="112" count="175" type="cond" truecount="5" falsecount="0"/>
      <line num="114" count="88" type="stmt"/>
      <line num="115" count="88" type="cond" truecount="2" falsecount="0"/>
      <line num="116" count="27" type="stmt"/>
      <line num="119" count="88" type="stmt"/>
      <line num="121" count="88" type="stmt"/>
      <line num="122" count="88" type="stmt"/>
      <line num="130" count="7" type="stmt"/>
      <line num="133" count="7" type="stmt"/>
      <line num="134" count="47" type="stmt"/>
      <line num="137" count="7" type="stmt"/>
      <line num="143" count="7" type="stmt"/>
      <line num="145" count="7" type="stmt"/>
      <line num="147" count="7" type="stmt"/>
      <line num="149" count="7" type="stmt"/>
      <line num="150" count="7" type="stmt"/>
      <line num="153" count="7" type="stmt"/>
      <line num="156" count="7" type="stmt"/>
      <line num="158" count="7" type="stmt"/>
      <line num="160" count="7" type="cond" truecount="2" falsecount="0"/>
      <line num="161" count="5" type="stmt"/>
      <line num="164" count="2" type="stmt"/>
      <line num="168" count="1" type="stmt"/>
    </file>
    <file name="HashiSolver.js" path="C:\Users\bnmil\OneDrive\Documents\GitHub\project-code\backend\AI\HashiSolver.js">
      <metrics statements="547" coveredstatements="536" conditionals="338" coveredconditionals="329" methods="29" coveredmethods="29"/>
      <line num="1" count="1" type="stmt"/>
      <line num="4" count="1" type="stmt"/>
      <line num="5" count="1" type="stmt"/>
      <line num="6" count="1" type="stmt"/>
      <line num="7" count="1" type="stmt"/>
      <line num="12" count="1" type="stmt"/>
      <line num="20" count="1" type="stmt"/>
      <line num="36" count="1" type="stmt"/>
      <line num="62" count="92" type="stmt"/>
      <line num="63" count="92" type="stmt"/>
      <line num="65" count="92" type="stmt"/>
      <line num="67" count="92" type="stmt"/>
      <line num="69" count="92" type="stmt"/>
      <line num="71" count="92" type="stmt"/>
      <line num="73" count="92" type="stmt"/>
      <line num="75" count="92" type="stmt"/>
      <line num="77" count="92" type="stmt"/>
      <line num="79" count="92" type="stmt"/>
      <line num="81" count="92" type="stmt"/>
      <line num="83" count="92" type="stmt"/>
      <line num="88" count="242" type="stmt"/>
      <line num="91" count="242" type="cond" truecount="4" falsecount="0"/>
      <line num="92" count="50" type="stmt"/>
      <line num="93" count="50" type="stmt"/>
      <line num="97" count="192" type="stmt"/>
      <line num="98" count="192" type="stmt"/>
      <line num="99" count="192" type="stmt"/>
      <line num="104" count="242" type="stmt"/>
      <line num="105" count="242" type="stmt"/>
      <line num="112" count="91" type="cond" truecount="2" falsecount="0"/>
      <line num="113" count="1" type="stmt"/>
      <line num="117" count="90" type="cond" truecount="2" falsecount="0"/>
      <line num="118" count="11" type="stmt"/>
      <line num="122" count="79" type="cond" truecount="2" falsecount="0"/>
      <line num="123" count="7" type="stmt"/>
      <line num="129" count="72" type="stmt"/>
      <line num="130" count="72" type="stmt"/>
      <line num="131" count="72" type="stmt"/>
      <line num="132" count="72" type="stmt"/>
      <line num="136" count="90" type="stmt"/>
      <line num="139" count="90" type="cond" truecount="4" falsecount="0"/>
      <line num="140" count="21" type="stmt"/>
      <line num="141" count="21" type="stmt"/>
      <line num="144" count="90" type="stmt"/>
      <line num="152" count="1539" type="stmt"/>
      <line num="154" count="1539" type="cond" truecount="2" falsecount="0"/>
      <line num="155" count="336" type="stmt"/>
      <line num="156" count="336" type="cond" truecount="2" falsecount="0"/>
      <line num="157" count="256" type="stmt"/>
      <line num="163" count="1203" type="cond" truecount="2" falsecount="0"/>
      <line num="164" count="13" type="stmt"/>
      <line num="168" count="1190" type="cond" truecount="2" falsecount="0"/>
      <line num="169" count="638" type="stmt"/>
      <line num="173" count="552" type="cond" truecount="2" falsecount="0"/>
      <line num="174" count="122" type="stmt"/>
      <line num="179" count="430" type="stmt"/>
      <line num="180" count="430" type="stmt"/>
      <line num="181" count="430" type="stmt"/>
      <line num="182" count="430" type="stmt"/>
      <line num="186" count="1526" type="cond" truecount="5" falsecount="0"/>
      <line num="187" count="142" type="stmt"/>
      <line num="191" count="1526" type="cond" truecount="2" falsecount="0"/>
      <line num="194" count="1153" type="cond" truecount="4" falsecount="0"/>
      <line num="196" count="802" type="stmt"/>
      <line num="198" count="802" type="stmt"/>
      <line num="199" count="802" type="stmt"/>
      <line num="200" count="3406" type="stmt"/>
      <line num="203" count="802" type="stmt"/>
      <line num="206" count="1153" type="cond" truecount="4" falsecount="0"/>
      <line num="207" count="211" type="stmt"/>
      <line num="210" count="1153" type="stmt"/>
      <line num="211" count="1153" type="cond" truecount="2" falsecount="0"/>
      <line num="212" count="897" type="stmt"/>
      <line num="217" count="1526" type="cond" truecount="4" falsecount="0"/>
      <line num="219" count="99" type="stmt"/>
      <line num="220" count="99" type="stmt"/>
      <line num="221" count="117" type="stmt"/>
      <line num="224" count="99" type="stmt"/>
      <line num="228" count="1427" type="cond" truecount="4" falsecount="0"/>
      <line num="229" count="109" type="stmt"/>
      <line num="232" count="1526" type="stmt"/>
      <line num="234" count="1526" type="stmt"/>
      <line num="240" count="238" type="cond" truecount="2" falsecount="0"/>
      <line num="243" count="186" type="stmt"/>
      <line num="245" count="186" type="cond" truecount="2" falsecount="0"/>
      <line num="247" count="104" type="stmt"/>
      <line num="249" count="104" type="stmt"/>
      <line num="251" count="104" type="stmt"/>
      <line num="253" count="104" type="cond" truecount="2" falsecount="0"/>
      <line num="254" count="52" type="stmt"/>
      <line num="256" count="104" type="stmt"/>
      <line num="259" count="82" type="stmt"/>
      <line num="263" count="186" type="stmt"/>
      <line num="265" count="186" type="stmt"/>
      <line num="268" count="186" type="cond" truecount="2" falsecount="0"/>
      <line num="271" count="93" type="stmt"/>
      <line num="274" count="93" type="stmt"/>
      <line num="277" count="93" type="cond" truecount="2" falsecount="0"/>
      <line num="281" count="93" type="stmt"/>
      <line num="285" count="52" type="stmt"/>
      <line num="291" count="442" type="stmt"/>
      <line num="294" count="442" type="stmt"/>
      <line num="295" count="442" type="cond" truecount="2" falsecount="0"/>
      <line num="296" count="154" type="stmt"/>
      <line num="298" count="442" type="stmt"/>
      <line num="299" count="442" type="stmt"/>
      <line num="300" count="442" type="cond" truecount="2" falsecount="0"/>
      <line num="301" count="350" type="stmt"/>
      <line num="305" count="442" type="stmt"/>
      <line num="307" count="442" type="stmt"/>
      <line num="309" count="442" type="cond" truecount="2" falsecount="0"/>
      <line num="311" count="221" type="stmt"/>
      <line num="313" count="221" type="cond" truecount="2" falsecount="0"/>
      <line num="317" count="442" type="cond" truecount="2" falsecount="0"/>
      <line num="320" count="256" type="stmt"/>
      <line num="321" count="256" type="stmt"/>
      <line num="322" count="256" type="stmt"/>
      <line num="325" count="256" type="stmt"/>
      <line num="328" count="737" type="stmt"/>
      <line num="330" count="737" type="stmt"/>
      <line num="332" count="737" type="stmt"/>
      <line num="335" count="737" type="cond" truecount="4" falsecount="0"/>
      <line num="338" count="223" type="stmt"/>
      <line num="341" count="223" type="cond" truecount="2" falsecount="0"/>
      <line num="344" count="122" type="stmt"/>
      <line num="347" count="122" type="cond" truecount="2" falsecount="0"/>
      <line num="348" count="9" type="stmt"/>
      <line num="352" count="122" type="stmt"/>
      <line num="356" count="223" type="stmt"/>
      <line num="359" count="223" type="cond" truecount="2" falsecount="0"/>
      <line num="365" count="186" type="cond" truecount="4" falsecount="0"/>
      <line num="368" count="54" type="stmt"/>
      <line num="371" count="54" type="stmt"/>
      <line num="374" count="54" type="stmt"/>
      <line num="377" count="161" type="stmt"/>
      <line num="378" count="161" type="stmt"/>
      <line num="381" count="161" type="cond" truecount="2" falsecount="0"/>
      <line num="384" count="69" type="stmt"/>
      <line num="386" count="69" type="stmt"/>
      <line num="388" count="69" type="stmt"/>
      <line num="389" count="69" type="stmt"/>
      <line num="390" count="69" type="stmt"/>
      <line num="392" count="69" type="cond" truecount="2" falsecount="0"/>
      <line num="397" count="442" type="cond" truecount="2" falsecount="0"/>
      <line num="403" count="316" type="stmt"/>
      <line num="405" count="316" type="stmt"/>
      <line num="407" count="316" type="stmt"/>
      <line num="408" count="316" type="stmt"/>
      <line num="410" count="316" type="cond" truecount="1" falsecount="1"/>
      <line num="411" count="316" type="stmt"/>
      <line num="414" count="316" type="cond" truecount="2" falsecount="0"/>
      <line num="416" count="266" type="stmt"/>
      <line num="422" count="316" type="stmt"/>
      <line num="424" count="316" type="stmt"/>
      <line num="425" count="316" type="cond" truecount="4" falsecount="0"/>
      <line num="426" count="72" type="stmt"/>
      <line num="429" count="316" type="stmt"/>
      <line num="431" count="316" type="stmt"/>
      <line num="434" count="316" type="cond" truecount="2" falsecount="0"/>
      <line num="436" count="289" type="stmt"/>
      <line num="439" count="289" type="cond" truecount="4" falsecount="0"/>
      <line num="441" count="18" type="stmt"/>
      <line num="444" count="56" type="cond" truecount="5" falsecount="0"/>
      <line num="446" count="22" type="stmt"/>
      <line num="447" count="22" type="stmt"/>
      <line num="450" count="22" type="cond" truecount="5" falsecount="0"/>
      <line num="453" count="5" type="stmt"/>
      <line num="454" count="5" type="stmt"/>
      <line num="456" count="5" type="stmt"/>
      <line num="457" count="5" type="stmt"/>
      <line num="459" count="5" type="stmt"/>
      <line num="460" count="5" type="stmt"/>
      <line num="464" count="17" type="cond" truecount="2" falsecount="0"/>
      <line num="467" count="7" type="stmt"/>
      <line num="468" count="7" type="stmt"/>
      <line num="470" count="7" type="stmt"/>
      <line num="471" count="7" type="stmt"/>
      <line num="473" count="7" type="stmt"/>
      <line num="474" count="7" type="stmt"/>
      <line num="476" count="7" type="stmt"/>
      <line num="477" count="7" type="stmt"/>
      <line num="479" count="22" type="stmt"/>
      <line num="486" count="271" type="cond" truecount="4" falsecount="0"/>
      <line num="488" count="76" type="stmt"/>
      <line num="491" count="235" type="cond" truecount="5" falsecount="0"/>
      <line num="493" count="124" type="stmt"/>
      <line num="494" count="124" type="stmt"/>
      <line num="497" count="124" type="cond" truecount="2" falsecount="0"/>
      <line num="500" count="103" type="cond" truecount="5" falsecount="0"/>
      <line num="502" count="43" type="stmt"/>
      <line num="503" count="43" type="stmt"/>
      <line num="504" count="43" type="stmt"/>
      <line num="505" count="43" type="stmt"/>
      <line num="506" count="43" type="stmt"/>
      <line num="507" count="43" type="stmt"/>
      <line num="511" count="60" type="cond" truecount="1" falsecount="1"/>
      <line num="514" count="0" type="stmt"/>
      <line num="515" count="0" type="stmt"/>
      <line num="516" count="0" type="stmt"/>
      <line num="517" count="0" type="stmt"/>
      <line num="518" count="0" type="stmt"/>
      <line num="519" count="0" type="stmt"/>
      <line num="521" count="103" type="stmt"/>
      <line num="530" count="195" type="cond" truecount="4" falsecount="0"/>
      <line num="532" count="193" type="stmt"/>
      <line num="535" count="568" type="cond" truecount="5" falsecount="0"/>
      <line num="538" count="206" type="stmt"/>
      <line num="539" count="206" type="stmt"/>
      <line num="542" count="206" type="cond" truecount="2" falsecount="0"/>
      <line num="545" count="100" type="stmt"/>
      <line num="546" count="100" type="stmt"/>
      <line num="549" count="100" type="stmt"/>
      <line num="550" count="100" type="stmt"/>
      <line num="552" count="100" type="stmt"/>
      <line num="553" count="100" type="stmt"/>
      <line num="555" count="100" type="stmt"/>
      <line num="564" count="316" type="cond" truecount="2" falsecount="0"/>
      <line num="566" count="158" type="stmt"/>
      <line num="568" count="316" type="stmt"/>
      <line num="574" count="159" type="cond" truecount="2" falsecount="0"/>
      <line num="576" count="130" type="stmt"/>
      <line num="577" count="130" type="stmt"/>
      <line num="579" count="130" type="stmt"/>
      <line num="581" count="130" type="cond" truecount="2" falsecount="0"/>
      <line num="585" count="98" type="cond" truecount="4" falsecount="0"/>
      <line num="588" count="78" type="cond" truecount="4" falsecount="0"/>
      <line num="589" count="38" type="stmt"/>
      <line num="590" count="38" type="stmt"/>
      <line num="591" count="38" type="stmt"/>
      <line num="594" count="40" type="cond" truecount="1" falsecount="1"/>
      <line num="595" count="40" type="stmt"/>
      <line num="596" count="40" type="stmt"/>
      <line num="597" count="40" type="stmt"/>
      <line num="598" count="40" type="stmt"/>
      <line num="601" count="78" type="stmt"/>
      <line num="606" count="130" type="cond" truecount="2" falsecount="0"/>
      <line num="608" count="65" type="stmt"/>
      <line num="617" count="7" type="stmt"/>
      <line num="620" count="7" type="stmt"/>
      <line num="621" count="42" type="stmt"/>
      <line num="624" count="271" type="cond" truecount="2" falsecount="0"/>
      <line num="626" count="92" type="stmt"/>
      <line num="628" count="92" type="stmt"/>
      <line num="630" count="92" type="stmt"/>
      <line num="632" count="92" type="stmt"/>
      <line num="634" count="92" type="stmt"/>
      <line num="638" count="7" type="stmt"/>
      <line num="644" count="6" type="stmt"/>
      <line num="645" count="37" type="stmt"/>
      <line num="648" count="257" type="cond" truecount="2" falsecount="0"/>
      <line num="651" count="91" type="stmt"/>
      <line num="654" count="91" type="stmt"/>
      <line num="656" count="91" type="cond" truecount="4" falsecount="0"/>
      <line num="658" count="77" type="cond" truecount="2" falsecount="0"/>
      <line num="659" count="140" type="stmt"/>
      <line num="663" count="77" type="cond" truecount="2" falsecount="0"/>
      <line num="665" count="63" type="stmt"/>
      <line num="667" count="63" type="stmt"/>
      <line num="669" count="63" type="stmt"/>
      <line num="675" count="91" type="stmt"/>
      <line num="677" count="91" type="cond" truecount="4" falsecount="0"/>
      <line num="679" count="75" type="cond" truecount="2" falsecount="0"/>
      <line num="680" count="120" type="stmt"/>
      <line num="684" count="75" type="cond" truecount="2" falsecount="0"/>
      <line num="686" count="58" type="stmt"/>
      <line num="688" count="58" type="stmt"/>
      <line num="690" count="58" type="stmt"/>
      <line num="695" count="91" type="cond" truecount="2" falsecount="0"/>
      <line num="696" count="1" type="stmt"/>
      <line num="701" count="90" type="stmt"/>
      <line num="702" count="90" type="stmt"/>
      <line num="707" count="5" type="stmt"/>
      <line num="712" count="221" type="stmt"/>
      <line num="714" count="221" type="stmt"/>
      <line num="715" count="221" type="stmt"/>
      <line num="718" count="221" type="cond" truecount="4" falsecount="0"/>
      <line num="721" count="121" type="stmt"/>
      <line num="723" count="121" type="stmt"/>
      <line num="726" count="121" type="stmt"/>
      <line num="728" count="121" type="cond" truecount="2" falsecount="0"/>
      <line num="729" count="61" type="stmt"/>
      <line num="733" count="121" type="cond" truecount="2" falsecount="0"/>
      <line num="734" count="47" type="stmt"/>
      <line num="735" count="47" type="stmt"/>
      <line num="739" count="121" type="cond" truecount="2" falsecount="0"/>
      <line num="740" count="13" type="stmt"/>
      <line num="743" count="121" type="stmt"/>
      <line num="746" count="121" type="cond" truecount="2" falsecount="0"/>
      <line num="749" count="217" type="stmt"/>
      <line num="750" count="217" type="stmt"/>
      <line num="753" count="217" type="cond" truecount="2" falsecount="0"/>
      <line num="755" count="121" type="stmt"/>
      <line num="757" count="121" type="cond" truecount="2" falsecount="0"/>
      <line num="758" count="115" type="stmt"/>
      <line num="761" count="121" type="cond" truecount="4" falsecount="0"/>
      <line num="762" count="85" type="cond" truecount="2" falsecount="0"/>
      <line num="767" count="217" type="stmt"/>
      <line num="770" count="121" type="cond" truecount="2" falsecount="0"/>
      <line num="773" count="121" type="stmt"/>
      <line num="778" count="100" type="stmt"/>
      <line num="780" count="100" type="stmt"/>
      <line num="781" count="100" type="stmt"/>
      <line num="783" count="100" type="cond" truecount="2" falsecount="0"/>
      <line num="784" count="47" type="stmt"/>
      <line num="787" count="100" type="cond" truecount="2" falsecount="0"/>
      <line num="788" count="18" type="stmt"/>
      <line num="791" count="100" type="cond" truecount="2" falsecount="0"/>
      <line num="792" count="23" type="stmt"/>
      <line num="793" count="23" type="stmt"/>
      <line num="796" count="100" type="stmt"/>
      <line num="798" count="100" type="stmt"/>
      <line num="800" count="138" type="stmt"/>
      <line num="801" count="138" type="stmt"/>
      <line num="804" count="138" type="cond" truecount="2" falsecount="0"/>
      <line num="807" count="107" type="stmt"/>
      <line num="810" count="107" type="cond" truecount="2" falsecount="0"/>
      <line num="811" count="90" type="stmt"/>
      <line num="816" count="107" type="cond" truecount="4" falsecount="0"/>
      <line num="817" count="60" type="cond" truecount="2" falsecount="0"/>
      <line num="822" count="138" type="stmt"/>
      <line num="825" count="100" type="cond" truecount="2" falsecount="0"/>
      <line num="828" count="100" type="stmt"/>
      <line num="831" count="221" type="stmt"/>
      <line num="836" count="158" type="stmt"/>
      <line num="837" count="158" type="stmt"/>
      <line num="839" count="158" type="cond" truecount="4" falsecount="0"/>
      <line num="841" count="91" type="stmt"/>
      <line num="843" count="91" type="cond" truecount="2" falsecount="0"/>
      <line num="844" count="42" type="stmt"/>
      <line num="847" count="91" type="stmt"/>
      <line num="850" count="91" type="cond" truecount="2" falsecount="0"/>
      <line num="851" count="44" type="stmt"/>
      <line num="854" count="91" type="stmt"/>
      <line num="856" count="91" type="stmt"/>
      <line num="858" count="169" type="stmt"/>
      <line num="859" count="169" type="stmt"/>
      <line num="861" count="169" type="cond" truecount="2" falsecount="0"/>
      <line num="863" count="73" type="stmt"/>
      <line num="864" count="73" type="cond" truecount="2" falsecount="0"/>
      <line num="865" count="76" type="stmt"/>
      <line num="868" count="73" type="cond" truecount="4" falsecount="0"/>
      <line num="869" count="61" type="stmt"/>
      <line num="873" count="169" type="stmt"/>
      <line num="879" count="67" type="stmt"/>
      <line num="881" count="67" type="cond" truecount="2" falsecount="0"/>
      <line num="882" count="27" type="stmt"/>
      <line num="885" count="67" type="stmt"/>
      <line num="887" count="67" type="cond" truecount="2" falsecount="0"/>
      <line num="888" count="46" type="stmt"/>
      <line num="891" count="67" type="stmt"/>
      <line num="893" count="67" type="stmt"/>
      <line num="895" count="97" type="stmt"/>
      <line num="896" count="97" type="stmt"/>
      <line num="898" count="97" type="cond" truecount="2" falsecount="0"/>
      <line num="900" count="68" type="stmt"/>
      <line num="901" count="68" type="cond" truecount="2" falsecount="0"/>
      <line num="902" count="58" type="stmt"/>
      <line num="906" count="68" type="cond" truecount="4" falsecount="0"/>
      <line num="907" count="33" type="stmt"/>
      <line num="911" count="97" type="stmt"/>
      <line num="915" count="158" type="stmt"/>
      <line num="921" count="221" type="cond" truecount="2" falsecount="0"/>
      <line num="923" count="83" type="stmt"/>
      <line num="924" count="83" type="stmt"/>
      <line num="926" count="83" type="cond" truecount="2" falsecount="0"/>
      <line num="928" count="14" type="stmt"/>
      <line num="930" count="14" type="stmt"/>
      <line num="931" count="157" type="stmt"/>
      <line num="934" count="14" type="stmt"/>
      <line num="936" count="30" type="stmt"/>
      <line num="937" count="30" type="stmt"/>
      <line num="938" count="30" type="stmt"/>
      <line num="939" count="30" type="stmt"/>
      <line num="942" count="14" type="stmt"/>
      <line num="947" count="69" type="stmt"/>
      <line num="949" count="69" type="stmt"/>
      <line num="950" count="370" type="stmt"/>
      <line num="953" count="69" type="stmt"/>
      <line num="954" count="107" type="stmt"/>
      <line num="955" count="107" type="stmt"/>
      <line num="956" count="107" type="stmt"/>
      <line num="957" count="107" type="stmt"/>
      <line num="960" count="69" type="stmt"/>
      <line num="963" count="83" type="stmt"/>
      <line num="967" count="138" type="stmt"/>
      <line num="973" count="129" type="stmt"/>
      <line num="975" count="129" type="stmt"/>
      <line num="977" count="129" type="stmt"/>
      <line num="978" count="369" type="cond" truecount="2" falsecount="0"/>
      <line num="979" count="152" type="stmt"/>
      <line num="980" count="152" type="cond" truecount="2" falsecount="0"/>
      <line num="981" count="10" type="stmt"/>
      <line num="982" count="10" type="stmt"/>
      <line num="987" count="129" type="stmt"/>
      <line num="992" count="30" type="stmt"/>
      <line num="994" count="30" type="cond" truecount="4" falsecount="0"/>
      <line num="995" count="12" type="stmt"/>
      <line num="996" count="12" type="cond" truecount="1" falsecount="1"/>
      <line num="997" count="0" type="stmt"/>
      <line num="1002" count="30" type="cond" truecount="4" falsecount="0"/>
      <line num="1003" count="15" type="stmt"/>
      <line num="1004" count="15" type="cond" truecount="1" falsecount="1"/>
      <line num="1005" count="0" type="stmt"/>
      <line num="1011" count="30" type="cond" truecount="4" falsecount="0"/>
      <line num="1012" count="7" type="stmt"/>
      <line num="1013" count="7" type="cond" truecount="1" falsecount="1"/>
      <line num="1014" count="0" type="stmt"/>
      <line num="1019" count="30" type="cond" truecount="4" falsecount="0"/>
      <line num="1020" count="10" type="stmt"/>
      <line num="1021" count="10" type="cond" truecount="1" falsecount="1"/>
      <line num="1022" count="0" type="stmt"/>
      <line num="1027" count="30" type="stmt"/>
      <line num="1032" count="22" type="stmt"/>
      <line num="1034" count="22" type="stmt"/>
      <line num="1036" count="134" type="stmt"/>
      <line num="1037" count="134" type="stmt"/>
      <line num="1043" count="11" type="stmt"/>
      <line num="1044" count="11" type="stmt"/>
      <line num="1045" count="11" type="stmt"/>
      <line num="1046" count="11" type="stmt"/>
      <line num="1048" count="11" type="stmt"/>
      <line num="1049" count="11" type="stmt"/>
      <line num="1051" count="33" type="cond" truecount="2" falsecount="0"/>
      <line num="1052" count="22" type="stmt"/>
      <line num="1053" count="22" type="stmt"/>
      <line num="1055" count="22" type="cond" truecount="2" falsecount="0"/>
      <line num="1056" count="2" type="stmt"/>
      <line num="1057" count="2" type="stmt"/>
      <line num="1060" count="22" type="stmt"/>
      <line num="1066" count="11" type="stmt"/>
      <line num="1068" count="11" type="stmt"/>
      <line num="1069" count="11" type="stmt"/>
      <line num="1071" count="11" type="stmt"/>
      <line num="1072" count="12" type="stmt"/>
      <line num="1073" count="12" type="cond" truecount="2" falsecount="0"/>
      <line num="1076" count="11" type="stmt"/>
      <line num="1078" count="11" type="stmt"/>
      <line num="1080" count="11" type="stmt"/>
      <line num="1082" count="23" type="cond" truecount="1" falsecount="1"/>
      <line num="1083" count="23" type="cond" truecount="2" falsecount="0"/>
      <line num="1084" count="1" type="stmt"/>
      <line num="1086" count="22" type="stmt"/>
      <line num="1089" count="22" type="stmt"/>
      <line num="1091" count="22" type="cond" truecount="2" falsecount="0"/>
      <line num="1093" count="12" type="stmt"/>
      <line num="1094" count="12" type="stmt"/>
      <line num="1095" count="12" type="stmt"/>
      <line num="1097" count="12" type="stmt"/>
      <line num="1099" count="13" type="stmt"/>
      <line num="1100" count="13" type="stmt"/>
      <line num="1101" count="13" type="stmt"/>
      <line num="1102" count="13" type="cond" truecount="4" falsecount="0"/>
      <line num="1103" count="2" type="stmt"/>
      <line num="1105" count="13" type="cond" truecount="2" falsecount="0"/>
      <line num="1106" count="12" type="stmt"/>
      <line num="1108" count="13" type="stmt"/>
      <line num="1111" count="12" type="stmt"/>
      <line num="1112" count="12" type="cond" truecount="2" falsecount="0"/>
      <line num="1113" count="12" type="stmt"/>
      <line num="1115" count="12" type="stmt"/>
      <line num="1117" count="1" type="stmt"/>
      <line num="1118" count="1" type="cond" truecount="2" falsecount="0"/>
      <line num="1119" count="1" type="stmt"/>
      <line num="1124" count="10" type="stmt"/>
      <line num="1125" count="11" type="stmt"/>
      <line num="1126" count="11" type="stmt"/>
      <line num="1131" count="10" type="stmt"/>
      <line num="1137" count="28" type="stmt"/>
      <line num="1140" count="28" type="stmt"/>
      <line num="1143" count="28" type="cond" truecount="2" falsecount="0"/>
      <line num="1146" count="32" type="stmt"/>
      <line num="1148" count="129" type="stmt"/>
      <line num="1149" count="129" type="stmt"/>
      <line num="1150" count="129" type="cond" truecount="2" falsecount="0"/>
      <line num="1151" count="10" type="stmt"/>
      <line num="1156" count="22" type="stmt"/>
      <line num="1158" count="30" type="stmt"/>
      <line num="1159" count="30" type="stmt"/>
      <line num="1160" count="30" type="cond" truecount="1" falsecount="1"/>
      <line num="1161" count="0" type="stmt"/>
      <line num="1167" count="18" type="cond" truecount="2" falsecount="0"/>
      <line num="1169" count="7" type="cond" truecount="2" falsecount="0"/>
      <line num="1170" count="5" type="cond" truecount="2" falsecount="0"/>
      <line num="1171" count="4" type="stmt"/>
      <line num="1172" count="4" type="stmt"/>
      <line num="1175" count="1" type="stmt"/>
      <line num="1179" count="2" type="stmt"/>
      <line num="1186" count="11" type="stmt"/>
      <line num="1187" count="11" type="stmt"/>
      <line num="1190" count="11" type="cond" truecount="2" falsecount="0"/>
      <line num="1192" count="23" type="cond" truecount="2" falsecount="0"/>
      <line num="1193" count="11" type="stmt"/>
      <line num="1194" count="11" type="stmt"/>
      <line num="1197" count="12" type="stmt"/>
      <line num="1201" count="11" type="stmt"/>
      <line num="1208" count="7" type="stmt"/>
      <line num="1209" count="34" type="stmt"/>
      <line num="1210" count="34" type="stmt"/>
      <line num="1211" count="271" type="stmt"/>
      <line num="1213" count="34" type="stmt"/>
      <line num="1219" count="7" type="stmt"/>
      <line num="1220" count="42" type="stmt"/>
      <line num="1221" count="271" type="cond" truecount="2" falsecount="0"/>
      <line num="1222" count="92" type="stmt"/>
      <line num="1225" count="179" type="stmt"/>
      <line num="1233" count="5" type="cond" truecount="2" falsecount="0"/>
      <line num="1234" count="1" type="stmt"/>
      <line num="1235" count="1" type="stmt"/>
      <line num="1236" count="3" type="stmt"/>
      <line num="1237" count="3" type="stmt"/>
      <line num="1238" count="9" type="stmt"/>
      <line num="1240" count="3" type="stmt"/>
      <line num="1244" count="4" type="stmt"/>
      <line num="1245" count="24" type="stmt"/>
      <line num="1246" count="234" type="cond" truecount="2" falsecount="0"/>
      <line num="1247" count="1" type="stmt"/>
      <line num="1254" count="4" type="stmt"/>
      <line num="1260" count="7" type="stmt"/>
      <line num="1261" count="7" type="stmt"/>
      <line num="1262" count="7" type="stmt"/>
      <line num="1263" count="7" type="stmt"/>
      <line num="1264" count="7" type="stmt"/>
      <line num="1265" count="7" type="stmt"/>
      <line num="1266" count="7" type="stmt"/>
      <line num="1267" count="7" type="stmt"/>
      <line num="1268" count="7" type="stmt"/>
      <line num="1269" count="7" type="stmt"/>
      <line num="1270" count="7" type="stmt"/>
      <line num="1271" count="7" type="stmt"/>
      <line num="1273" count="7" type="stmt"/>
      <line num="1274" count="91" type="stmt"/>
      <line num="1277" count="7" type="stmt"/>
      <line num="1280" count="7" type="stmt"/>
      <line num="1281" count="7" type="cond" truecount="2" falsecount="0"/>
      <line num="1282" count="1" type="stmt"/>
      <line num="1283" count="1" type="stmt"/>
      <line num="1286" count="6" type="cond" truecount="2" falsecount="0"/>
      <line num="1287" count="1" type="stmt"/>
      <line num="1288" count="1" type="stmt"/>
      <line num="1291" count="5" type="stmt"/>
      <line num="1292" count="5" type="stmt"/>
      <line num="1294" count="5" type="cond" truecount="2" falsecount="0"/>
      <line num="1295" count="1" type="stmt"/>
      <line num="1297" count="4" type="cond" truecount="2" falsecount="0"/>
      <line num="1298" count="1" type="stmt"/>
      <line num="1301" count="3" type="stmt"/>
      <line num="1305" count="1" type="stmt"/>
    </file>
  </project>
</coverage>
