{"C:\\Users\\bnmil\\OneDrive\\Documents\\GitHub\\project-code\\backend\\AI\\HashiConnectionChecker.js": {"path":"C:\\Users\\bnmil\\OneDrive\\Documents\\GitHub\\project-code\\backend\\AI\\HashiConnectionChecker.js","statementMap":{"0":{"start":{"line":2,"column":11},"end":{"line":2,"column":13}},"1":{"start":{"line":3,"column":11},"end":{"line":3,"column":13}},"2":{"start":{"line":4,"column":11},"end":{"line":4,"column":13}},"3":{"start":{"line":5,"column":11},"end":{"line":5,"column":13}},"4":{"start":{"line":19,"column":8},"end":{"line":19,"column":19}},"5":{"start":{"line":20,"column":8},"end":{"line":20,"column":19}},"6":{"start":{"line":21,"column":8},"end":{"line":21,"column":31}},"7":{"start":{"line":28,"column":21},"end":{"line":28,"column":22}},"8":{"start":{"line":31,"column":4},"end":{"line":51,"column":5}},"9":{"start":{"line":31,"column":24},"end":{"line":31,"column":25}},"10":{"start":{"line":32,"column":8},"end":{"line":50,"column":9}},"11":{"start":{"line":32,"column":28},"end":{"line":32,"column":29}},"12":{"start":{"line":35,"column":12},"end":{"line":49,"column":13}},"13":{"start":{"line":38,"column":32},"end":{"line":38,"column":80}},"14":{"start":{"line":41,"column":16},"end":{"line":41,"column":57}},"15":{"start":{"line":44,"column":16},"end":{"line":44,"column":40}},"16":{"start":{"line":46,"column":16},"end":{"line":46,"column":41}},"17":{"start":{"line":48,"column":16},"end":{"line":48,"column":29}},"18":{"start":{"line":53,"column":4},"end":{"line":53,"column":32}},"19":{"start":{"line":58,"column":4},"end":{"line":80,"column":5}},"20":{"start":{"line":60,"column":8},"end":{"line":78,"column":9}},"21":{"start":{"line":62,"column":12},"end":{"line":67,"column":13}},"22":{"start":{"line":64,"column":36},"end":{"line":64,"column":56}},"23":{"start":{"line":65,"column":16},"end":{"line":65,"column":47}},"24":{"start":{"line":66,"column":16},"end":{"line":66,"column":51}},"25":{"start":{"line":72,"column":12},"end":{"line":77,"column":13}},"26":{"start":{"line":74,"column":36},"end":{"line":74,"column":56}},"27":{"start":{"line":75,"column":16},"end":{"line":75,"column":47}},"28":{"start":{"line":76,"column":16},"end":{"line":76,"column":51}},"29":{"start":{"line":79,"column":8},"end":{"line":79,"column":25}},"30":{"start":{"line":86,"column":4},"end":{"line":124,"column":5}},"31":{"start":{"line":86,"column":27},"end":{"line":86,"column":28}},"32":{"start":{"line":89,"column":28},"end":{"line":89,"column":48}},"33":{"start":{"line":90,"column":32},"end":{"line":90,"column":53}},"34":{"start":{"line":91,"column":16},"end":{"line":91,"column":31}},"35":{"start":{"line":92,"column":16},"end":{"line":92,"column":31}},"36":{"start":{"line":95,"column":8},"end":{"line":110,"column":9}},"37":{"start":{"line":98,"column":29},"end":{"line":98,"column":30}},"38":{"start":{"line":99,"column":12},"end":{"line":101,"column":13}},"39":{"start":{"line":100,"column":16},"end":{"line":100,"column":29}},"40":{"start":{"line":104,"column":34},"end":{"line":104,"column":61}},"41":{"start":{"line":107,"column":33},"end":{"line":107,"column":56}},"42":{"start":{"line":108,"column":12},"end":{"line":108,"column":59}},"43":{"start":{"line":109,"column":12},"end":{"line":109,"column":54}},"44":{"start":{"line":112,"column":8},"end":{"line":123,"column":9}},"45":{"start":{"line":114,"column":29},"end":{"line":114,"column":30}},"46":{"start":{"line":115,"column":12},"end":{"line":117,"column":13}},"47":{"start":{"line":116,"column":16},"end":{"line":116,"column":29}},"48":{"start":{"line":119,"column":34},"end":{"line":119,"column":61}},"49":{"start":{"line":121,"column":33},"end":{"line":121,"column":56}},"50":{"start":{"line":122,"column":12},"end":{"line":122,"column":59}},"51":{"start":{"line":130,"column":23},"end":{"line":130,"column":25}},"52":{"start":{"line":133,"column":4},"end":{"line":135,"column":5}},"53":{"start":{"line":133,"column":29},"end":{"line":133,"column":30}},"54":{"start":{"line":134,"column":8},"end":{"line":134,"column":58}},"55":{"start":{"line":137,"column":4},"end":{"line":137,"column":24}},"56":{"start":{"line":143,"column":4},"end":{"line":143,"column":16}},"57":{"start":{"line":145,"column":4},"end":{"line":145,"column":23}},"58":{"start":{"line":147,"column":4},"end":{"line":147,"column":17}},"59":{"start":{"line":149,"column":4},"end":{"line":149,"column":30}},"60":{"start":{"line":150,"column":4},"end":{"line":150,"column":27}},"61":{"start":{"line":153,"column":23},"end":{"line":153,"column":45}},"62":{"start":{"line":156,"column":4},"end":{"line":156,"column":25}},"63":{"start":{"line":158,"column":4},"end":{"line":158,"column":30}},"64":{"start":{"line":160,"column":4},"end":{"line":165,"column":5}},"65":{"start":{"line":161,"column":8},"end":{"line":161,"column":20}},"66":{"start":{"line":164,"column":8},"end":{"line":164,"column":21}},"67":{"start":{"line":168,"column":0},"end":{"line":168,"column":33}}},"fnMap":{"0":{"name":"(anonymous_0)","decl":{"start":{"line":17,"column":4},"end":{"line":17,"column":5}},"loc":{"start":{"line":17,"column":31},"end":{"line":22,"column":5}},"line":17},"1":{"name":"reader","decl":{"start":{"line":25,"column":9},"end":{"line":25,"column":15}},"loc":{"start":{"line":25,"column":26},"end":{"line":54,"column":1}},"line":25},"2":{"name":"mergeChains","decl":{"start":{"line":56,"column":9},"end":{"line":56,"column":20}},"loc":{"start":{"line":56,"column":37},"end":{"line":81,"column":1}},"line":56},"3":{"name":"checkChains","decl":{"start":{"line":83,"column":9},"end":{"line":83,"column":20}},"loc":{"start":{"line":83,"column":31},"end":{"line":125,"column":1}},"line":83},"4":{"name":"copySolution","decl":{"start":{"line":127,"column":9},"end":{"line":127,"column":21}},"loc":{"start":{"line":127,"column":32},"end":{"line":138,"column":1}},"line":127},"5":{"name":"checkConnection","decl":{"start":{"line":140,"column":9},"end":{"line":140,"column":24}},"loc":{"start":{"line":140,"column":35},"end":{"line":166,"column":1}},"line":140}},"branchMap":{"0":{"loc":{"start":{"line":35,"column":12},"end":{"line":49,"column":13}},"type":"if","locations":[{"start":{"line":35,"column":12},"end":{"line":49,"column":13}},{"start":{},"end":{}}],"line":35},"1":{"loc":{"start":{"line":35,"column":16},"end":{"line":35,"column":84}},"type":"binary-expr","locations":[{"start":{"line":35,"column":16},"end":{"line":35,"column":48}},{"start":{"line":35,"column":52},"end":{"line":35,"column":84}}],"line":35},"2":{"loc":{"start":{"line":58,"column":4},"end":{"line":80,"column":5}},"type":"if","locations":[{"start":{"line":58,"column":4},"end":{"line":80,"column":5}},{"start":{},"end":{}}],"line":58},"3":{"loc":{"start":{"line":60,"column":8},"end":{"line":78,"column":9}},"type":"if","locations":[{"start":{"line":60,"column":8},"end":{"line":78,"column":9}},{"start":{"line":70,"column":13},"end":{"line":78,"column":9}}],"line":60},"4":{"loc":{"start":{"line":95,"column":8},"end":{"line":110,"column":9}},"type":"if","locations":[{"start":{"line":95,"column":8},"end":{"line":110,"column":9}},{"start":{},"end":{}}],"line":95},"5":{"loc":{"start":{"line":95,"column":12},"end":{"line":95,"column":84}},"type":"binary-expr","locations":[{"start":{"line":95,"column":12},"end":{"line":95,"column":24}},{"start":{"line":95,"column":29},"end":{"line":95,"column":54}},{"start":{"line":95,"column":58},"end":{"line":95,"column":83}}],"line":95},"6":{"loc":{"start":{"line":99,"column":19},"end":{"line":99,"column":91}},"type":"binary-expr","locations":[{"start":{"line":99,"column":19},"end":{"line":99,"column":53}},{"start":{"line":99,"column":57},"end":{"line":99,"column":91}}],"line":99},"7":{"loc":{"start":{"line":112,"column":8},"end":{"line":123,"column":9}},"type":"if","locations":[{"start":{"line":112,"column":8},"end":{"line":123,"column":9}},{"start":{},"end":{}}],"line":112},"8":{"loc":{"start":{"line":112,"column":12},"end":{"line":112,"column":84}},"type":"binary-expr","locations":[{"start":{"line":112,"column":12},"end":{"line":112,"column":24}},{"start":{"line":112,"column":29},"end":{"line":112,"column":54}},{"start":{"line":112,"column":58},"end":{"line":112,"column":83}}],"line":112},"9":{"loc":{"start":{"line":115,"column":19},"end":{"line":115,"column":91}},"type":"binary-expr","locations":[{"start":{"line":115,"column":19},"end":{"line":115,"column":53}},{"start":{"line":115,"column":57},"end":{"line":115,"column":91}}],"line":115},"10":{"loc":{"start":{"line":160,"column":4},"end":{"line":165,"column":5}},"type":"if","locations":[{"start":{"line":160,"column":4},"end":{"line":165,"column":5}},{"start":{"line":163,"column":9},"end":{"line":165,"column":5}}],"line":160}},"s":{"0":1,"1":1,"2":1,"3":1,"4":175,"5":175,"6":175,"7":7,"8":7,"9":7,"10":47,"11":47,"12":502,"13":175,"14":175,"15":175,"16":175,"17":175,"18":7,"19":170,"20":166,"21":116,"22":152,"23":152,"24":152,"25":50,"26":105,"27":105,"28":105,"29":166,"30":7,"31":7,"32":175,"33":175,"34":175,"35":175,"36":175,"37":82,"38":82,"39":64,"40":82,"41":82,"42":82,"43":82,"44":175,"45":88,"46":88,"47":27,"48":88,"49":88,"50":88,"51":7,"52":7,"53":7,"54":47,"55":7,"56":7,"57":7,"58":7,"59":7,"60":7,"61":7,"62":7,"63":7,"64":7,"65":5,"66":2,"67":1},"f":{"0":175,"1":7,"2":170,"3":7,"4":7,"5":7},"b":{"0":[175,327],"1":[502,436],"2":[166,4],"3":[116,50],"4":[82,93],"5":[175,153,104],"6":[146,105],"7":[88,87],"8":[175,150,90],"9":[115,97],"10":[5,2]},"_coverageSchema":"1a1c01bbd47fc00a2c39e90264f33305004495a9","hash":"36f86994d39784161ab984787e47d02a1b5041b1"}
,"C:\\Users\\bnmil\\OneDrive\\Documents\\GitHub\\project-code\\backend\\AI\\HashiSolver.js": {"path":"C:\\Users\\bnmil\\OneDrive\\Documents\\GitHub\\project-code\\backend\\AI\\HashiSolver.js","statementMap":{"0":{"start":{"line":1,"column":24},"end":{"line":1,"column":59}},"1":{"start":{"line":4,"column":11},"end":{"line":4,"column":13}},"2":{"start":{"line":5,"column":11},"end":{"line":5,"column":13}},"3":{"start":{"line":6,"column":11},"end":{"line":6,"column":13}},"4":{"start":{"line":7,"column":11},"end":{"line":7,"column":13}},"5":{"start":{"line":12,"column":29},"end":{"line":17,"column":2}},"6":{"start":{"line":20,"column":29},"end":{"line":33,"column":1}},"7":{"start":{"line":36,"column":24},"end":{"line":36,"column":67}},"8":{"start":{"line":62,"column":8},"end":{"line":62,"column":20}},"9":{"start":{"line":63,"column":8},"end":{"line":63,"column":20}},"10":{"start":{"line":65,"column":8},"end":{"line":65,"column":36}},"11":{"start":{"line":67,"column":8},"end":{"line":67,"column":38}},"12":{"start":{"line":69,"column":8},"end":{"line":69,"column":41}},"13":{"start":{"line":71,"column":8},"end":{"line":71,"column":33}},"14":{"start":{"line":73,"column":8},"end":{"line":73,"column":33}},"15":{"start":{"line":75,"column":8},"end":{"line":75,"column":43}},"16":{"start":{"line":77,"column":8},"end":{"line":77,"column":37}},"17":{"start":{"line":79,"column":8},"end":{"line":79,"column":30}},"18":{"start":{"line":81,"column":8},"end":{"line":81,"column":26}},"19":{"start":{"line":83,"column":8},"end":{"line":83,"column":28}},"20":{"start":{"line":88,"column":22},"end":{"line":88,"column":23}},"21":{"start":{"line":91,"column":8},"end":{"line":100,"column":9}},"22":{"start":{"line":92,"column":12},"end":{"line":92,"column":35}},"23":{"start":{"line":93,"column":12},"end":{"line":93,"column":24}},"24":{"start":{"line":97,"column":12},"end":{"line":97,"column":38}},"25":{"start":{"line":98,"column":12},"end":{"line":98,"column":24}},"26":{"start":{"line":99,"column":12},"end":{"line":99,"column":45}},"27":{"start":{"line":104,"column":8},"end":{"line":104,"column":69}},"28":{"start":{"line":105,"column":8},"end":{"line":105,"column":31}},"29":{"start":{"line":112,"column":8},"end":{"line":133,"column":9}},"30":{"start":{"line":113,"column":12},"end":{"line":113,"column":25}},"31":{"start":{"line":117,"column":13},"end":{"line":133,"column":9}},"32":{"start":{"line":118,"column":12},"end":{"line":118,"column":53}},"33":{"start":{"line":122,"column":13},"end":{"line":133,"column":9}},"34":{"start":{"line":123,"column":12},"end":{"line":123,"column":34}},"35":{"start":{"line":129,"column":39},"end":{"line":129,"column":59}},"36":{"start":{"line":130,"column":39},"end":{"line":130,"column":84}},"37":{"start":{"line":131,"column":34},"end":{"line":131,"column":58}},"38":{"start":{"line":132,"column":12},"end":{"line":132,"column":114}},"39":{"start":{"line":136,"column":8},"end":{"line":136,"column":58}},"40":{"start":{"line":139,"column":8},"end":{"line":142,"column":9}},"41":{"start":{"line":140,"column":12},"end":{"line":140,"column":38}},"42":{"start":{"line":141,"column":12},"end":{"line":141,"column":40}},"43":{"start":{"line":144,"column":8},"end":{"line":144,"column":20}},"44":{"start":{"line":152,"column":27},"end":{"line":152,"column":32}},"45":{"start":{"line":154,"column":8},"end":{"line":183,"column":9}},"46":{"start":{"line":155,"column":12},"end":{"line":155,"column":32}},"47":{"start":{"line":156,"column":12},"end":{"line":158,"column":13}},"48":{"start":{"line":157,"column":16},"end":{"line":157,"column":33}},"49":{"start":{"line":163,"column":13},"end":{"line":183,"column":9}},"50":{"start":{"line":164,"column":12},"end":{"line":164,"column":25}},"51":{"start":{"line":168,"column":13},"end":{"line":183,"column":9}},"52":{"start":{"line":169,"column":12},"end":{"line":169,"column":51}},"53":{"start":{"line":173,"column":13},"end":{"line":183,"column":9}},"54":{"start":{"line":174,"column":12},"end":{"line":174,"column":32}},"55":{"start":{"line":179,"column":39},"end":{"line":179,"column":59}},"56":{"start":{"line":180,"column":39},"end":{"line":180,"column":84}},"57":{"start":{"line":181,"column":34},"end":{"line":181,"column":58}},"58":{"start":{"line":182,"column":12},"end":{"line":182,"column":112}},"59":{"start":{"line":186,"column":8},"end":{"line":188,"column":9}},"60":{"start":{"line":187,"column":12},"end":{"line":187,"column":32}},"61":{"start":{"line":191,"column":8},"end":{"line":214,"column":9}},"62":{"start":{"line":194,"column":12},"end":{"line":204,"column":13}},"63":{"start":{"line":196,"column":42},"end":{"line":196,"column":80}},"64":{"start":{"line":198,"column":35},"end":{"line":198,"column":36}},"65":{"start":{"line":199,"column":16},"end":{"line":201,"column":17}},"66":{"start":{"line":200,"column":20},"end":{"line":200,"column":35}},"67":{"start":{"line":203,"column":16},"end":{"line":203,"column":60}},"68":{"start":{"line":206,"column":12},"end":{"line":208,"column":13}},"69":{"start":{"line":207,"column":16},"end":{"line":207,"column":33}},"70":{"start":{"line":210,"column":12},"end":{"line":210,"column":48}},"71":{"start":{"line":211,"column":12},"end":{"line":213,"column":13}},"72":{"start":{"line":212,"column":16},"end":{"line":212,"column":64}},"73":{"start":{"line":217,"column":8},"end":{"line":230,"column":9}},"74":{"start":{"line":219,"column":31},"end":{"line":219,"column":32}},"75":{"start":{"line":220,"column":12},"end":{"line":222,"column":13}},"76":{"start":{"line":221,"column":16},"end":{"line":221,"column":31}},"77":{"start":{"line":224,"column":12},"end":{"line":224,"column":51}},"78":{"start":{"line":228,"column":13},"end":{"line":230,"column":9}},"79":{"start":{"line":229,"column":12},"end":{"line":229,"column":38}},"80":{"start":{"line":232,"column":8},"end":{"line":232,"column":44}},"81":{"start":{"line":234,"column":8},"end":{"line":234,"column":20}},"82":{"start":{"line":240,"column":8},"end":{"line":283,"column":9}},"83":{"start":{"line":243,"column":35},"end":{"line":243,"column":70}},"84":{"start":{"line":245,"column":12},"end":{"line":260,"column":13}},"85":{"start":{"line":247,"column":16},"end":{"line":247,"column":39}},"86":{"start":{"line":249,"column":16},"end":{"line":249,"column":60}},"87":{"start":{"line":251,"column":16},"end":{"line":251,"column":58}},"88":{"start":{"line":253,"column":16},"end":{"line":255,"column":17}},"89":{"start":{"line":254,"column":20},"end":{"line":254,"column":53}},"90":{"start":{"line":256,"column":16},"end":{"line":256,"column":41}},"91":{"start":{"line":259,"column":16},"end":{"line":259,"column":38}},"92":{"start":{"line":263,"column":34},"end":{"line":263,"column":53}},"93":{"start":{"line":265,"column":33},"end":{"line":265,"column":58}},"94":{"start":{"line":268,"column":12},"end":{"line":282,"column":13}},"95":{"start":{"line":271,"column":40},"end":{"line":271,"column":75}},"96":{"start":{"line":274,"column":38},"end":{"line":274,"column":94}},"97":{"start":{"line":277,"column":16},"end":{"line":277,"column":59}},"98":{"start":{"line":281,"column":16},"end":{"line":281,"column":38}},"99":{"start":{"line":285,"column":8},"end":{"line":285,"column":20}},"100":{"start":{"line":291,"column":8},"end":{"line":291,"column":41}},"101":{"start":{"line":294,"column":29},"end":{"line":294,"column":64}},"102":{"start":{"line":295,"column":8},"end":{"line":297,"column":9}},"103":{"start":{"line":296,"column":12},"end":{"line":296,"column":45}},"104":{"start":{"line":298,"column":8},"end":{"line":298,"column":42}},"105":{"start":{"line":299,"column":8},"end":{"line":299,"column":42}},"106":{"start":{"line":300,"column":8},"end":{"line":302,"column":9}},"107":{"start":{"line":301,"column":12},"end":{"line":301,"column":35}},"108":{"start":{"line":305,"column":8},"end":{"line":305,"column":45}},"109":{"start":{"line":307,"column":29},"end":{"line":307,"column":33}},"110":{"start":{"line":309,"column":8},"end":{"line":314,"column":9}},"111":{"start":{"line":311,"column":36},"end":{"line":311,"column":71}},"112":{"start":{"line":313,"column":12},"end":{"line":313,"column":117}},"113":{"start":{"line":317,"column":8},"end":{"line":395,"column":9}},"114":{"start":{"line":320,"column":12},"end":{"line":320,"column":37}},"115":{"start":{"line":321,"column":12},"end":{"line":321,"column":37}},"116":{"start":{"line":322,"column":12},"end":{"line":322,"column":47}},"117":{"start":{"line":325,"column":12},"end":{"line":361,"column":15}},"118":{"start":{"line":328,"column":40},"end":{"line":328,"column":69}},"119":{"start":{"line":330,"column":40},"end":{"line":330,"column":48}},"120":{"start":{"line":332,"column":36},"end":{"line":332,"column":92}},"121":{"start":{"line":335,"column":16},"end":{"line":360,"column":17}},"122":{"start":{"line":338,"column":20},"end":{"line":338,"column":74}},"123":{"start":{"line":341,"column":20},"end":{"line":353,"column":21}},"124":{"start":{"line":344,"column":24},"end":{"line":344,"column":60}},"125":{"start":{"line":347,"column":24},"end":{"line":349,"column":25}},"126":{"start":{"line":348,"column":28},"end":{"line":348,"column":74}},"127":{"start":{"line":352,"column":24},"end":{"line":352,"column":45}},"128":{"start":{"line":356,"column":20},"end":{"line":356,"column":33}},"129":{"start":{"line":359,"column":20},"end":{"line":359,"column":94}},"130":{"start":{"line":365,"column":13},"end":{"line":395,"column":9}},"131":{"start":{"line":368,"column":12},"end":{"line":368,"column":47}},"132":{"start":{"line":371,"column":33},"end":{"line":371,"column":37}},"133":{"start":{"line":374,"column":12},"end":{"line":394,"column":15}},"134":{"start":{"line":377,"column":37},"end":{"line":377,"column":45}},"135":{"start":{"line":378,"column":40},"end":{"line":378,"column":69}},"136":{"start":{"line":381,"column":16},"end":{"line":393,"column":17}},"137":{"start":{"line":384,"column":20},"end":{"line":384,"column":33}},"138":{"start":{"line":386,"column":20},"end":{"line":386,"column":53}},"139":{"start":{"line":388,"column":20},"end":{"line":388,"column":81}},"140":{"start":{"line":389,"column":20},"end":{"line":389,"column":63}},"141":{"start":{"line":390,"column":20},"end":{"line":390,"column":53}},"142":{"start":{"line":392,"column":20},"end":{"line":392,"column":91}},"143":{"start":{"line":397,"column":8},"end":{"line":397,"column":59}},"144":{"start":{"line":403,"column":28},"end":{"line":403,"column":63}},"145":{"start":{"line":405,"column":24},"end":{"line":405,"column":40}},"146":{"start":{"line":407,"column":29},"end":{"line":407,"column":45}},"147":{"start":{"line":408,"column":35},"end":{"line":408,"column":40}},"148":{"start":{"line":410,"column":8},"end":{"line":418,"column":9}},"149":{"start":{"line":411,"column":12},"end":{"line":411,"column":40}},"150":{"start":{"line":414,"column":12},"end":{"line":417,"column":13}},"151":{"start":{"line":416,"column":16},"end":{"line":416,"column":39}},"152":{"start":{"line":422,"column":8},"end":{"line":422,"column":44}},"153":{"start":{"line":424,"column":8},"end":{"line":424,"column":44}},"154":{"start":{"line":425,"column":8},"end":{"line":427,"column":9}},"155":{"start":{"line":426,"column":12},"end":{"line":426,"column":45}},"156":{"start":{"line":429,"column":8},"end":{"line":429,"column":44}},"157":{"start":{"line":431,"column":8},"end":{"line":431,"column":48}},"158":{"start":{"line":434,"column":8},"end":{"line":561,"column":9}},"159":{"start":{"line":436,"column":33},"end":{"line":436,"column":37}},"160":{"start":{"line":439,"column":12},"end":{"line":560,"column":13}},"161":{"start":{"line":441,"column":16},"end":{"line":482,"column":19}},"162":{"start":{"line":444,"column":20},"end":{"line":480,"column":21}},"163":{"start":{"line":446,"column":44},"end":{"line":446,"column":52}},"164":{"start":{"line":447,"column":48},"end":{"line":447,"column":77}},"165":{"start":{"line":450,"column":24},"end":{"line":478,"column":25}},"166":{"start":{"line":453,"column":28},"end":{"line":453,"column":61}},"167":{"start":{"line":454,"column":28},"end":{"line":454,"column":60}},"168":{"start":{"line":456,"column":28},"end":{"line":456,"column":61}},"169":{"start":{"line":457,"column":28},"end":{"line":457,"column":60}},"170":{"start":{"line":459,"column":28},"end":{"line":459,"column":41}},"171":{"start":{"line":460,"column":28},"end":{"line":460,"column":88}},"172":{"start":{"line":464,"column":29},"end":{"line":478,"column":25}},"173":{"start":{"line":467,"column":28},"end":{"line":467,"column":61}},"174":{"start":{"line":468,"column":28},"end":{"line":468,"column":60}},"175":{"start":{"line":470,"column":28},"end":{"line":470,"column":71}},"176":{"start":{"line":471,"column":28},"end":{"line":471,"column":70}},"177":{"start":{"line":473,"column":28},"end":{"line":473,"column":64}},"178":{"start":{"line":474,"column":28},"end":{"line":474,"column":63}},"179":{"start":{"line":476,"column":28},"end":{"line":476,"column":41}},"180":{"start":{"line":477,"column":28},"end":{"line":477,"column":88}},"181":{"start":{"line":479,"column":24},"end":{"line":479,"column":59}},"182":{"start":{"line":486,"column":17},"end":{"line":560,"column":13}},"183":{"start":{"line":488,"column":16},"end":{"line":526,"column":19}},"184":{"start":{"line":491,"column":20},"end":{"line":524,"column":21}},"185":{"start":{"line":493,"column":44},"end":{"line":493,"column":52}},"186":{"start":{"line":494,"column":48},"end":{"line":494,"column":77}},"187":{"start":{"line":497,"column":24},"end":{"line":522,"column":25}},"188":{"start":{"line":500,"column":28},"end":{"line":520,"column":29}},"189":{"start":{"line":502,"column":32},"end":{"line":502,"column":65}},"190":{"start":{"line":503,"column":32},"end":{"line":503,"column":64}},"191":{"start":{"line":504,"column":32},"end":{"line":504,"column":75}},"192":{"start":{"line":505,"column":32},"end":{"line":505,"column":74}},"193":{"start":{"line":506,"column":32},"end":{"line":506,"column":45}},"194":{"start":{"line":507,"column":32},"end":{"line":507,"column":92}},"195":{"start":{"line":511,"column":33},"end":{"line":520,"column":29}},"196":{"start":{"line":514,"column":32},"end":{"line":514,"column":65}},"197":{"start":{"line":515,"column":32},"end":{"line":515,"column":64}},"198":{"start":{"line":516,"column":32},"end":{"line":516,"column":65}},"199":{"start":{"line":517,"column":32},"end":{"line":517,"column":64}},"200":{"start":{"line":518,"column":32},"end":{"line":518,"column":45}},"201":{"start":{"line":519,"column":32},"end":{"line":519,"column":92}},"202":{"start":{"line":521,"column":28},"end":{"line":521,"column":63}},"203":{"start":{"line":530,"column":17},"end":{"line":560,"column":13}},"204":{"start":{"line":532,"column":16},"end":{"line":559,"column":19}},"205":{"start":{"line":535,"column":20},"end":{"line":557,"column":21}},"206":{"start":{"line":538,"column":44},"end":{"line":538,"column":52}},"207":{"start":{"line":539,"column":48},"end":{"line":539,"column":77}},"208":{"start":{"line":542,"column":24},"end":{"line":556,"column":25}},"209":{"start":{"line":545,"column":28},"end":{"line":545,"column":61}},"210":{"start":{"line":546,"column":28},"end":{"line":546,"column":60}},"211":{"start":{"line":549,"column":28},"end":{"line":549,"column":61}},"212":{"start":{"line":550,"column":28},"end":{"line":550,"column":60}},"213":{"start":{"line":552,"column":28},"end":{"line":552,"column":41}},"214":{"start":{"line":553,"column":28},"end":{"line":553,"column":88}},"215":{"start":{"line":555,"column":28},"end":{"line":555,"column":63}},"216":{"start":{"line":564,"column":8},"end":{"line":567,"column":9}},"217":{"start":{"line":566,"column":12},"end":{"line":566,"column":96}},"218":{"start":{"line":568,"column":8},"end":{"line":568,"column":34}},"219":{"start":{"line":574,"column":8},"end":{"line":610,"column":9}},"220":{"start":{"line":576,"column":32},"end":{"line":576,"column":67}},"221":{"start":{"line":577,"column":12},"end":{"line":577,"column":31}},"222":{"start":{"line":579,"column":37},"end":{"line":579,"column":53}},"223":{"start":{"line":581,"column":12},"end":{"line":603,"column":13}},"224":{"start":{"line":585,"column":16},"end":{"line":602,"column":17}},"225":{"start":{"line":588,"column":20},"end":{"line":599,"column":21}},"226":{"start":{"line":589,"column":24},"end":{"line":589,"column":47}},"227":{"start":{"line":590,"column":24},"end":{"line":590,"column":47}},"228":{"start":{"line":591,"column":24},"end":{"line":591,"column":67}},"229":{"start":{"line":594,"column":25},"end":{"line":599,"column":21}},"230":{"start":{"line":595,"column":24},"end":{"line":595,"column":50}},"231":{"start":{"line":596,"column":24},"end":{"line":596,"column":47}},"232":{"start":{"line":597,"column":24},"end":{"line":597,"column":57}},"233":{"start":{"line":598,"column":24},"end":{"line":598,"column":67}},"234":{"start":{"line":601,"column":20},"end":{"line":601,"column":46}},"235":{"start":{"line":606,"column":12},"end":{"line":609,"column":13}},"236":{"start":{"line":608,"column":16},"end":{"line":608,"column":101}},"237":{"start":{"line":617,"column":18},"end":{"line":617,"column":19}},"238":{"start":{"line":620,"column":4},"end":{"line":637,"column":5}},"239":{"start":{"line":620,"column":30},"end":{"line":620,"column":31}},"240":{"start":{"line":621,"column":8},"end":{"line":636,"column":9}},"241":{"start":{"line":621,"column":34},"end":{"line":621,"column":35}},"242":{"start":{"line":624,"column":12},"end":{"line":635,"column":13}},"243":{"start":{"line":626,"column":40},"end":{"line":626,"column":95}},"244":{"start":{"line":628,"column":16},"end":{"line":628,"column":51}},"245":{"start":{"line":630,"column":16},"end":{"line":630,"column":26}},"246":{"start":{"line":632,"column":16},"end":{"line":632,"column":75}},"247":{"start":{"line":634,"column":16},"end":{"line":634,"column":33}},"248":{"start":{"line":638,"column":4},"end":{"line":638,"column":29}},"249":{"start":{"line":644,"column":4},"end":{"line":705,"column":5}},"250":{"start":{"line":644,"column":30},"end":{"line":644,"column":31}},"251":{"start":{"line":645,"column":8},"end":{"line":704,"column":9}},"252":{"start":{"line":645,"column":34},"end":{"line":645,"column":35}},"253":{"start":{"line":648,"column":12},"end":{"line":703,"column":13}},"254":{"start":{"line":651,"column":36},"end":{"line":651,"column":74}},"255":{"start":{"line":654,"column":28},"end":{"line":654,"column":46}},"256":{"start":{"line":656,"column":16},"end":{"line":671,"column":17}},"257":{"start":{"line":658,"column":20},"end":{"line":660,"column":21}},"258":{"start":{"line":659,"column":24},"end":{"line":659,"column":32}},"259":{"start":{"line":663,"column":20},"end":{"line":670,"column":21}},"260":{"start":{"line":665,"column":46},"end":{"line":665,"column":75}},"261":{"start":{"line":667,"column":24},"end":{"line":667,"column":70}},"262":{"start":{"line":669,"column":24},"end":{"line":669,"column":70}},"263":{"start":{"line":675,"column":28},"end":{"line":675,"column":46}},"264":{"start":{"line":677,"column":16},"end":{"line":692,"column":17}},"265":{"start":{"line":679,"column":20},"end":{"line":681,"column":21}},"266":{"start":{"line":680,"column":24},"end":{"line":680,"column":32}},"267":{"start":{"line":684,"column":20},"end":{"line":691,"column":21}},"268":{"start":{"line":686,"column":46},"end":{"line":686,"column":75}},"269":{"start":{"line":688,"column":24},"end":{"line":688,"column":70}},"270":{"start":{"line":690,"column":24},"end":{"line":690,"column":70}},"271":{"start":{"line":695,"column":16},"end":{"line":697,"column":17}},"272":{"start":{"line":696,"column":20},"end":{"line":696,"column":33}},"273":{"start":{"line":701,"column":16},"end":{"line":701,"column":77}},"274":{"start":{"line":702,"column":16},"end":{"line":702,"column":51}},"275":{"start":{"line":707,"column":4},"end":{"line":707,"column":16}},"276":{"start":{"line":712,"column":22},"end":{"line":712,"column":26}},"277":{"start":{"line":714,"column":12},"end":{"line":714,"column":20}},"278":{"start":{"line":715,"column":12},"end":{"line":715,"column":20}},"279":{"start":{"line":718,"column":4},"end":{"line":829,"column":5}},"280":{"start":{"line":721,"column":25},"end":{"line":721,"column":27}},"281":{"start":{"line":723,"column":24},"end":{"line":723,"column":28}},"282":{"start":{"line":726,"column":30},"end":{"line":726,"column":31}},"283":{"start":{"line":728,"column":8},"end":{"line":730,"column":9}},"284":{"start":{"line":729,"column":12},"end":{"line":729,"column":32}},"285":{"start":{"line":733,"column":8},"end":{"line":736,"column":9}},"286":{"start":{"line":734,"column":12},"end":{"line":734,"column":28}},"287":{"start":{"line":735,"column":12},"end":{"line":735,"column":30}},"288":{"start":{"line":739,"column":8},"end":{"line":741,"column":9}},"289":{"start":{"line":740,"column":12},"end":{"line":740,"column":28}},"290":{"start":{"line":743,"column":21},"end":{"line":743,"column":36}},"291":{"start":{"line":746,"column":8},"end":{"line":768,"column":9}},"292":{"start":{"line":749,"column":12},"end":{"line":749,"column":47}},"293":{"start":{"line":750,"column":12},"end":{"line":750,"column":52}},"294":{"start":{"line":753,"column":12},"end":{"line":764,"column":13}},"295":{"start":{"line":755,"column":30},"end":{"line":755,"column":31}},"296":{"start":{"line":757,"column":16},"end":{"line":759,"column":17}},"297":{"start":{"line":758,"column":20},"end":{"line":758,"column":30}},"298":{"start":{"line":761,"column":16},"end":{"line":763,"column":17}},"299":{"start":{"line":762,"column":20},"end":{"line":762,"column":107}},"300":{"start":{"line":767,"column":12},"end":{"line":767,"column":38}},"301":{"start":{"line":770,"column":8},"end":{"line":770,"column":90}},"302":{"start":{"line":773,"column":8},"end":{"line":773,"column":52}},"303":{"start":{"line":778,"column":25},"end":{"line":778,"column":27}},"304":{"start":{"line":780,"column":30},"end":{"line":780,"column":31}},"305":{"start":{"line":781,"column":24},"end":{"line":781,"column":28}},"306":{"start":{"line":783,"column":8},"end":{"line":785,"column":9}},"307":{"start":{"line":784,"column":12},"end":{"line":784,"column":33}},"308":{"start":{"line":787,"column":8},"end":{"line":789,"column":9}},"309":{"start":{"line":788,"column":12},"end":{"line":788,"column":28}},"310":{"start":{"line":791,"column":8},"end":{"line":794,"column":9}},"311":{"start":{"line":792,"column":12},"end":{"line":792,"column":28}},"312":{"start":{"line":793,"column":12},"end":{"line":793,"column":30}},"313":{"start":{"line":796,"column":21},"end":{"line":796,"column":36}},"314":{"start":{"line":798,"column":8},"end":{"line":823,"column":9}},"315":{"start":{"line":800,"column":12},"end":{"line":800,"column":47}},"316":{"start":{"line":801,"column":12},"end":{"line":801,"column":52}},"317":{"start":{"line":804,"column":12},"end":{"line":819,"column":13}},"318":{"start":{"line":807,"column":30},"end":{"line":807,"column":31}},"319":{"start":{"line":810,"column":16},"end":{"line":813,"column":17}},"320":{"start":{"line":811,"column":20},"end":{"line":811,"column":30}},"321":{"start":{"line":816,"column":16},"end":{"line":818,"column":17}},"322":{"start":{"line":817,"column":20},"end":{"line":817,"column":107}},"323":{"start":{"line":822,"column":12},"end":{"line":822,"column":38}},"324":{"start":{"line":825,"column":8},"end":{"line":825,"column":90}},"325":{"start":{"line":828,"column":8},"end":{"line":828,"column":52}},"326":{"start":{"line":831,"column":4},"end":{"line":831,"column":23}},"327":{"start":{"line":836,"column":12},"end":{"line":836,"column":20}},"328":{"start":{"line":837,"column":12},"end":{"line":837,"column":20}},"329":{"start":{"line":839,"column":4},"end":{"line":913,"column":5}},"330":{"start":{"line":841,"column":30},"end":{"line":841,"column":31}},"331":{"start":{"line":843,"column":8},"end":{"line":845,"column":9}},"332":{"start":{"line":844,"column":12},"end":{"line":844,"column":33}},"333":{"start":{"line":847,"column":25},"end":{"line":847,"column":73}},"334":{"start":{"line":850,"column":8},"end":{"line":852,"column":9}},"335":{"start":{"line":851,"column":12},"end":{"line":851,"column":27}},"336":{"start":{"line":854,"column":22},"end":{"line":854,"column":41}},"337":{"start":{"line":856,"column":8},"end":{"line":874,"column":9}},"338":{"start":{"line":858,"column":12},"end":{"line":858,"column":44}},"339":{"start":{"line":859,"column":12},"end":{"line":859,"column":49}},"340":{"start":{"line":861,"column":12},"end":{"line":871,"column":13}},"341":{"start":{"line":863,"column":30},"end":{"line":863,"column":35}},"342":{"start":{"line":864,"column":16},"end":{"line":866,"column":17}},"343":{"start":{"line":865,"column":20},"end":{"line":865,"column":29}},"344":{"start":{"line":868,"column":16},"end":{"line":870,"column":17}},"345":{"start":{"line":869,"column":20},"end":{"line":869,"column":78}},"346":{"start":{"line":873,"column":12},"end":{"line":873,"column":39}},"347":{"start":{"line":879,"column":30},"end":{"line":879,"column":31}},"348":{"start":{"line":881,"column":8},"end":{"line":883,"column":9}},"349":{"start":{"line":882,"column":12},"end":{"line":882,"column":33}},"350":{"start":{"line":885,"column":25},"end":{"line":885,"column":73}},"351":{"start":{"line":887,"column":8},"end":{"line":889,"column":9}},"352":{"start":{"line":888,"column":12},"end":{"line":888,"column":27}},"353":{"start":{"line":891,"column":22},"end":{"line":891,"column":41}},"354":{"start":{"line":893,"column":8},"end":{"line":912,"column":9}},"355":{"start":{"line":895,"column":12},"end":{"line":895,"column":44}},"356":{"start":{"line":896,"column":12},"end":{"line":896,"column":49}},"357":{"start":{"line":898,"column":12},"end":{"line":909,"column":13}},"358":{"start":{"line":900,"column":30},"end":{"line":900,"column":35}},"359":{"start":{"line":901,"column":16},"end":{"line":903,"column":17}},"360":{"start":{"line":902,"column":20},"end":{"line":902,"column":30}},"361":{"start":{"line":906,"column":16},"end":{"line":908,"column":17}},"362":{"start":{"line":907,"column":20},"end":{"line":907,"column":78}},"363":{"start":{"line":911,"column":12},"end":{"line":911,"column":39}},"364":{"start":{"line":915,"column":4},"end":{"line":915,"column":58}},"365":{"start":{"line":921,"column":4},"end":{"line":968,"column":5}},"366":{"start":{"line":923,"column":26},"end":{"line":923,"column":46}},"367":{"start":{"line":924,"column":31},"end":{"line":924,"column":56}},"368":{"start":{"line":926,"column":8},"end":{"line":961,"column":9}},"369":{"start":{"line":928,"column":26},"end":{"line":928,"column":48}},"370":{"start":{"line":930,"column":12},"end":{"line":932,"column":13}},"371":{"start":{"line":930,"column":36},"end":{"line":930,"column":37}},"372":{"start":{"line":931,"column":16},"end":{"line":931,"column":71}},"373":{"start":{"line":934,"column":12},"end":{"line":940,"column":13}},"374":{"start":{"line":936,"column":36},"end":{"line":936,"column":53}},"375":{"start":{"line":937,"column":16},"end":{"line":937,"column":63}},"376":{"start":{"line":938,"column":16},"end":{"line":938,"column":43}},"377":{"start":{"line":939,"column":16},"end":{"line":939,"column":53}},"378":{"start":{"line":942,"column":12},"end":{"line":942,"column":46}},"379":{"start":{"line":947,"column":26},"end":{"line":947,"column":43}},"380":{"start":{"line":949,"column":12},"end":{"line":951,"column":13}},"381":{"start":{"line":949,"column":36},"end":{"line":949,"column":37}},"382":{"start":{"line":950,"column":16},"end":{"line":950,"column":66}},"383":{"start":{"line":953,"column":12},"end":{"line":958,"column":13}},"384":{"start":{"line":954,"column":36},"end":{"line":954,"column":58}},"385":{"start":{"line":955,"column":16},"end":{"line":955,"column":63}},"386":{"start":{"line":956,"column":16},"end":{"line":956,"column":43}},"387":{"start":{"line":957,"column":16},"end":{"line":957,"column":48}},"388":{"start":{"line":960,"column":12},"end":{"line":960,"column":41}},"389":{"start":{"line":963,"column":8},"end":{"line":963,"column":25}},"390":{"start":{"line":967,"column":8},"end":{"line":967,"column":64}},"391":{"start":{"line":973,"column":29},"end":{"line":973,"column":53}},"392":{"start":{"line":975,"column":17},"end":{"line":975,"column":21}},"393":{"start":{"line":977,"column":4},"end":{"line":985,"column":7}},"394":{"start":{"line":978,"column":8},"end":{"line":984,"column":9}},"395":{"start":{"line":979,"column":12},"end":{"line":979,"column":82}},"396":{"start":{"line":980,"column":12},"end":{"line":983,"column":13}},"397":{"start":{"line":981,"column":16},"end":{"line":981,"column":31}},"398":{"start":{"line":982,"column":16},"end":{"line":982,"column":23}},"399":{"start":{"line":987,"column":4},"end":{"line":987,"column":18}},"400":{"start":{"line":992,"column":29},"end":{"line":992,"column":53}},"401":{"start":{"line":994,"column":4},"end":{"line":1000,"column":5}},"402":{"start":{"line":995,"column":8},"end":{"line":995,"column":71}},"403":{"start":{"line":996,"column":8},"end":{"line":998,"column":9}},"404":{"start":{"line":997,"column":12},"end":{"line":997,"column":25}},"405":{"start":{"line":1002,"column":4},"end":{"line":1009,"column":5}},"406":{"start":{"line":1003,"column":8},"end":{"line":1003,"column":71}},"407":{"start":{"line":1004,"column":8},"end":{"line":1006,"column":9}},"408":{"start":{"line":1005,"column":12},"end":{"line":1005,"column":25}},"409":{"start":{"line":1011,"column":4},"end":{"line":1017,"column":5}},"410":{"start":{"line":1012,"column":8},"end":{"line":1012,"column":71}},"411":{"start":{"line":1013,"column":8},"end":{"line":1015,"column":9}},"412":{"start":{"line":1014,"column":12},"end":{"line":1014,"column":25}},"413":{"start":{"line":1019,"column":4},"end":{"line":1025,"column":5}},"414":{"start":{"line":1020,"column":8},"end":{"line":1020,"column":71}},"415":{"start":{"line":1021,"column":8},"end":{"line":1023,"column":9}},"416":{"start":{"line":1022,"column":12},"end":{"line":1022,"column":25}},"417":{"start":{"line":1027,"column":4},"end":{"line":1027,"column":16}},"418":{"start":{"line":1032,"column":25},"end":{"line":1032,"column":44}},"419":{"start":{"line":1034,"column":4},"end":{"line":1038,"column":5}},"420":{"start":{"line":1036,"column":32},"end":{"line":1036,"column":52}},"421":{"start":{"line":1037,"column":8},"end":{"line":1037,"column":86}},"422":{"start":{"line":1043,"column":29},"end":{"line":1043,"column":38}},"423":{"start":{"line":1044,"column":23},"end":{"line":1044,"column":25}},"424":{"start":{"line":1045,"column":28},"end":{"line":1045,"column":55}},"425":{"start":{"line":1046,"column":4},"end":{"line":1046,"column":37}},"426":{"start":{"line":1048,"column":22},"end":{"line":1048,"column":23}},"427":{"start":{"line":1049,"column":4},"end":{"line":1064,"column":7}},"428":{"start":{"line":1051,"column":8},"end":{"line":1061,"column":9}},"429":{"start":{"line":1052,"column":12},"end":{"line":1052,"column":53}},"430":{"start":{"line":1053,"column":12},"end":{"line":1053,"column":43}},"431":{"start":{"line":1055,"column":12},"end":{"line":1058,"column":13}},"432":{"start":{"line":1056,"column":16},"end":{"line":1056,"column":61}},"433":{"start":{"line":1057,"column":16},"end":{"line":1057,"column":51}},"434":{"start":{"line":1060,"column":12},"end":{"line":1060,"column":29}},"435":{"start":{"line":1066,"column":26},"end":{"line":1066,"column":28}},"436":{"start":{"line":1068,"column":27},"end":{"line":1068,"column":31}},"437":{"start":{"line":1069,"column":26},"end":{"line":1069,"column":52}},"438":{"start":{"line":1071,"column":4},"end":{"line":1074,"column":5}},"439":{"start":{"line":1071,"column":33},"end":{"line":1071,"column":34}},"440":{"start":{"line":1072,"column":8},"end":{"line":1072,"column":48}},"441":{"start":{"line":1073,"column":8},"end":{"line":1073,"column":135}},"442":{"start":{"line":1076,"column":28},"end":{"line":1076,"column":29}},"443":{"start":{"line":1078,"column":22},"end":{"line":1078,"column":44}},"444":{"start":{"line":1080,"column":4},"end":{"line":1129,"column":5}},"445":{"start":{"line":1082,"column":8},"end":{"line":1087,"column":9}},"446":{"start":{"line":1083,"column":12},"end":{"line":1085,"column":13}},"447":{"start":{"line":1084,"column":16},"end":{"line":1084,"column":29}},"448":{"start":{"line":1086,"column":12},"end":{"line":1086,"column":26}},"449":{"start":{"line":1089,"column":8},"end":{"line":1089,"column":28}},"450":{"start":{"line":1091,"column":8},"end":{"line":1128,"column":9}},"451":{"start":{"line":1093,"column":12},"end":{"line":1093,"column":36}},"452":{"start":{"line":1094,"column":39},"end":{"line":1094,"column":44}},"453":{"start":{"line":1095,"column":25},"end":{"line":1095,"column":26}},"454":{"start":{"line":1097,"column":12},"end":{"line":1109,"column":13}},"455":{"start":{"line":1099,"column":16},"end":{"line":1099,"column":30}},"456":{"start":{"line":1100,"column":16},"end":{"line":1100,"column":115}},"457":{"start":{"line":1101,"column":16},"end":{"line":1101,"column":47}},"458":{"start":{"line":1102,"column":16},"end":{"line":1104,"column":17}},"459":{"start":{"line":1103,"column":20},"end":{"line":1103,"column":51}},"460":{"start":{"line":1105,"column":16},"end":{"line":1107,"column":17}},"461":{"start":{"line":1106,"column":20},"end":{"line":1106,"column":48}},"462":{"start":{"line":1108,"column":16},"end":{"line":1108,"column":25}},"463":{"start":{"line":1111,"column":28},"end":{"line":1111,"column":60}},"464":{"start":{"line":1112,"column":12},"end":{"line":1112,"column":150}},"465":{"start":{"line":1113,"column":12},"end":{"line":1113,"column":26}},"466":{"start":{"line":1115,"column":12},"end":{"line":1120,"column":13}},"467":{"start":{"line":1117,"column":16},"end":{"line":1117,"column":57}},"468":{"start":{"line":1118,"column":16},"end":{"line":1118,"column":135}},"469":{"start":{"line":1119,"column":16},"end":{"line":1119,"column":28}},"470":{"start":{"line":1124,"column":12},"end":{"line":1127,"column":13}},"471":{"start":{"line":1125,"column":16},"end":{"line":1125,"column":30}},"472":{"start":{"line":1126,"column":16},"end":{"line":1126,"column":115}},"473":{"start":{"line":1131,"column":4},"end":{"line":1131,"column":16}},"474":{"start":{"line":1137,"column":28},"end":{"line":1137,"column":50}},"475":{"start":{"line":1140,"column":4},"end":{"line":1140,"column":27}},"476":{"start":{"line":1143,"column":4},"end":{"line":1165,"column":5}},"477":{"start":{"line":1146,"column":8},"end":{"line":1153,"column":9}},"478":{"start":{"line":1148,"column":12},"end":{"line":1148,"column":52}},"479":{"start":{"line":1149,"column":12},"end":{"line":1149,"column":44}},"480":{"start":{"line":1150,"column":12},"end":{"line":1152,"column":13}},"481":{"start":{"line":1151,"column":16},"end":{"line":1151,"column":28}},"482":{"start":{"line":1156,"column":8},"end":{"line":1164,"column":9}},"483":{"start":{"line":1158,"column":12},"end":{"line":1158,"column":49}},"484":{"start":{"line":1159,"column":12},"end":{"line":1159,"column":50}},"485":{"start":{"line":1160,"column":12},"end":{"line":1162,"column":13}},"486":{"start":{"line":1161,"column":16},"end":{"line":1161,"column":28}},"487":{"start":{"line":1167,"column":4},"end":{"line":1202,"column":5}},"488":{"start":{"line":1169,"column":8},"end":{"line":1180,"column":9}},"489":{"start":{"line":1170,"column":12},"end":{"line":1176,"column":13}},"490":{"start":{"line":1171,"column":16},"end":{"line":1171,"column":36}},"491":{"start":{"line":1172,"column":16},"end":{"line":1172,"column":28}},"492":{"start":{"line":1175,"column":16},"end":{"line":1175,"column":29}},"493":{"start":{"line":1179,"column":12},"end":{"line":1179,"column":24}},"494":{"start":{"line":1186,"column":23},"end":{"line":1186,"column":24}},"495":{"start":{"line":1187,"column":24},"end":{"line":1187,"column":29}},"496":{"start":{"line":1190,"column":8},"end":{"line":1199,"column":9}},"497":{"start":{"line":1192,"column":12},"end":{"line":1198,"column":13}},"498":{"start":{"line":1193,"column":16},"end":{"line":1193,"column":84}},"499":{"start":{"line":1194,"column":16},"end":{"line":1194,"column":33}},"500":{"start":{"line":1197,"column":16},"end":{"line":1197,"column":27}},"501":{"start":{"line":1201,"column":8},"end":{"line":1201,"column":45}},"502":{"start":{"line":1208,"column":4},"end":{"line":1214,"column":5}},"503":{"start":{"line":1208,"column":17},"end":{"line":1208,"column":18}},"504":{"start":{"line":1209,"column":25},"end":{"line":1209,"column":27}},"505":{"start":{"line":1210,"column":8},"end":{"line":1212,"column":9}},"506":{"start":{"line":1210,"column":21},"end":{"line":1210,"column":22}},"507":{"start":{"line":1211,"column":12},"end":{"line":1211,"column":42}},"508":{"start":{"line":1213,"column":8},"end":{"line":1213,"column":37}},"509":{"start":{"line":1219,"column":4},"end":{"line":1228,"column":5}},"510":{"start":{"line":1219,"column":17},"end":{"line":1219,"column":18}},"511":{"start":{"line":1220,"column":8},"end":{"line":1227,"column":9}},"512":{"start":{"line":1220,"column":21},"end":{"line":1220,"column":22}},"513":{"start":{"line":1221,"column":12},"end":{"line":1226,"column":13}},"514":{"start":{"line":1222,"column":16},"end":{"line":1222,"column":50}},"515":{"start":{"line":1225,"column":16},"end":{"line":1225,"column":33}},"516":{"start":{"line":1233,"column":4},"end":{"line":1251,"column":5}},"517":{"start":{"line":1234,"column":8},"end":{"line":1234,"column":22}},"518":{"start":{"line":1235,"column":8},"end":{"line":1241,"column":9}},"519":{"start":{"line":1235,"column":21},"end":{"line":1235,"column":22}},"520":{"start":{"line":1236,"column":25},"end":{"line":1236,"column":27}},"521":{"start":{"line":1237,"column":12},"end":{"line":1239,"column":13}},"522":{"start":{"line":1237,"column":25},"end":{"line":1237,"column":26}},"523":{"start":{"line":1238,"column":16},"end":{"line":1238,"column":47}},"524":{"start":{"line":1240,"column":12},"end":{"line":1240,"column":34}},"525":{"start":{"line":1244,"column":8},"end":{"line":1250,"column":9}},"526":{"start":{"line":1244,"column":21},"end":{"line":1244,"column":22}},"527":{"start":{"line":1245,"column":12},"end":{"line":1249,"column":13}},"528":{"start":{"line":1245,"column":25},"end":{"line":1245,"column":26}},"529":{"start":{"line":1246,"column":16},"end":{"line":1248,"column":17}},"530":{"start":{"line":1247,"column":20},"end":{"line":1247,"column":33}},"531":{"start":{"line":1254,"column":4},"end":{"line":1254,"column":16}},"532":{"start":{"line":1260,"column":4},"end":{"line":1260,"column":27}},"533":{"start":{"line":1261,"column":4},"end":{"line":1261,"column":32}},"534":{"start":{"line":1262,"column":4},"end":{"line":1262,"column":21}},"535":{"start":{"line":1263,"column":4},"end":{"line":1263,"column":28}},"536":{"start":{"line":1264,"column":4},"end":{"line":1264,"column":25}},"537":{"start":{"line":1265,"column":4},"end":{"line":1265,"column":23}},"538":{"start":{"line":1266,"column":4},"end":{"line":1266,"column":16}},"539":{"start":{"line":1267,"column":4},"end":{"line":1267,"column":23}},"540":{"start":{"line":1268,"column":4},"end":{"line":1268,"column":32}},"541":{"start":{"line":1269,"column":4},"end":{"line":1269,"column":24}},"542":{"start":{"line":1270,"column":4},"end":{"line":1270,"column":23}},"543":{"start":{"line":1271,"column":4},"end":{"line":1271,"column":25}},"544":{"start":{"line":1273,"column":4},"end":{"line":1275,"column":5}},"545":{"start":{"line":1273,"column":24},"end":{"line":1273,"column":25}},"546":{"start":{"line":1274,"column":8},"end":{"line":1274,"column":59}},"547":{"start":{"line":1277,"column":4},"end":{"line":1277,"column":17}},"548":{"start":{"line":1280,"column":4},"end":{"line":1280,"column":23}},"549":{"start":{"line":1281,"column":4},"end":{"line":1284,"column":5}},"550":{"start":{"line":1282,"column":8},"end":{"line":1282,"column":21}},"551":{"start":{"line":1283,"column":8},"end":{"line":1283,"column":67}},"552":{"start":{"line":1286,"column":4},"end":{"line":1289,"column":5}},"553":{"start":{"line":1287,"column":8},"end":{"line":1287,"column":22}},"554":{"start":{"line":1288,"column":8},"end":{"line":1288,"column":67}},"555":{"start":{"line":1291,"column":17},"end":{"line":1291,"column":29}},"556":{"start":{"line":1292,"column":4},"end":{"line":1292,"column":18}},"557":{"start":{"line":1294,"column":4},"end":{"line":1302,"column":5}},"558":{"start":{"line":1295,"column":8},"end":{"line":1295,"column":67}},"559":{"start":{"line":1297,"column":9},"end":{"line":1302,"column":5}},"560":{"start":{"line":1298,"column":8},"end":{"line":1298,"column":81}},"561":{"start":{"line":1301,"column":8},"end":{"line":1301,"column":103}},"562":{"start":{"line":1305,"column":0},"end":{"line":1305,"column":33}}},"fnMap":{"0":{"name":"(anonymous_0)","decl":{"start":{"line":60,"column":4},"end":{"line":60,"column":5}},"loc":{"start":{"line":60,"column":33},"end":{"line":84,"column":5}},"line":60},"1":{"name":"(anonymous_1)","decl":{"start":{"line":86,"column":4},"end":{"line":86,"column":5}},"loc":{"start":{"line":86,"column":36},"end":{"line":106,"column":5}},"line":86},"2":{"name":"(anonymous_2)","decl":{"start":{"line":109,"column":4},"end":{"line":109,"column":5}},"loc":{"start":{"line":109,"column":23},"end":{"line":145,"column":5}},"line":109},"3":{"name":"(anonymous_3)","decl":{"start":{"line":148,"column":4},"end":{"line":148,"column":5}},"loc":{"start":{"line":148,"column":25},"end":{"line":235,"column":5}},"line":148},"4":{"name":"(anonymous_4)","decl":{"start":{"line":237,"column":4},"end":{"line":237,"column":5}},"loc":{"start":{"line":237,"column":47},"end":{"line":286,"column":5}},"line":237},"5":{"name":"(anonymous_5)","decl":{"start":{"line":288,"column":4},"end":{"line":288,"column":5}},"loc":{"start":{"line":288,"column":58},"end":{"line":398,"column":5}},"line":288},"6":{"name":"(anonymous_6)","decl":{"start":{"line":325,"column":41},"end":{"line":325,"column":42}},"loc":{"start":{"line":325,"column":62},"end":{"line":361,"column":13}},"line":325},"7":{"name":"(anonymous_7)","decl":{"start":{"line":374,"column":41},"end":{"line":374,"column":42}},"loc":{"start":{"line":374,"column":62},"end":{"line":394,"column":13}},"line":374},"8":{"name":"(anonymous_8)","decl":{"start":{"line":400,"column":4},"end":{"line":400,"column":5}},"loc":{"start":{"line":400,"column":62},"end":{"line":569,"column":5}},"line":400},"9":{"name":"(anonymous_9)","decl":{"start":{"line":441,"column":45},"end":{"line":441,"column":46}},"loc":{"start":{"line":441,"column":66},"end":{"line":482,"column":17}},"line":441},"10":{"name":"(anonymous_10)","decl":{"start":{"line":488,"column":45},"end":{"line":488,"column":46}},"loc":{"start":{"line":488,"column":66},"end":{"line":526,"column":17}},"line":488},"11":{"name":"(anonymous_11)","decl":{"start":{"line":532,"column":45},"end":{"line":532,"column":46}},"loc":{"start":{"line":532,"column":66},"end":{"line":559,"column":17}},"line":532},"12":{"name":"(anonymous_12)","decl":{"start":{"line":571,"column":4},"end":{"line":571,"column":5}},"loc":{"start":{"line":571,"column":54},"end":{"line":612,"column":5}},"line":571},"13":{"name":"createIslandData","decl":{"start":{"line":615,"column":9},"end":{"line":615,"column":25}},"loc":{"start":{"line":615,"column":28},"end":{"line":639,"column":1}},"line":615},"14":{"name":"createConnections","decl":{"start":{"line":641,"column":9},"end":{"line":641,"column":26}},"loc":{"start":{"line":641,"column":29},"end":{"line":708,"column":1}},"line":641},"15":{"name":"buildBridge","decl":{"start":{"line":710,"column":9},"end":{"line":710,"column":20}},"loc":{"start":{"line":710,"column":57},"end":{"line":832,"column":1}},"line":710},"16":{"name":"breakBridge","decl":{"start":{"line":834,"column":9},"end":{"line":834,"column":20}},"loc":{"start":{"line":834,"column":57},"end":{"line":916,"column":1}},"line":834},"17":{"name":"chainIslands","decl":{"start":{"line":918,"column":9},"end":{"line":918,"column":21}},"loc":{"start":{"line":918,"column":43},"end":{"line":969,"column":1}},"line":918},"18":{"name":"buildAll","decl":{"start":{"line":971,"column":9},"end":{"line":971,"column":17}},"loc":{"start":{"line":971,"column":32},"end":{"line":988,"column":1}},"line":971},"19":{"name":"(anonymous_19)","decl":{"start":{"line":977,"column":41},"end":{"line":977,"column":42}},"loc":{"start":{"line":977,"column":62},"end":{"line":985,"column":5}},"line":977},"20":{"name":"linkDoubles","decl":{"start":{"line":990,"column":9},"end":{"line":990,"column":20}},"loc":{"start":{"line":990,"column":35},"end":{"line":1028,"column":1}},"line":990},"21":{"name":"revertState","decl":{"start":{"line":1030,"column":9},"end":{"line":1030,"column":20}},"loc":{"start":{"line":1030,"column":23},"end":{"line":1039,"column":1}},"line":1030},"22":{"name":"tryCombinations","decl":{"start":{"line":1041,"column":9},"end":{"line":1041,"column":24}},"loc":{"start":{"line":1041,"column":41},"end":{"line":1132,"column":1}},"line":1041},"23":{"name":"(anonymous_23)","decl":{"start":{"line":1049,"column":43},"end":{"line":1049,"column":44}},"loc":{"start":{"line":1049,"column":64},"end":{"line":1064,"column":5}},"line":1049},"24":{"name":"solveHashi","decl":{"start":{"line":1134,"column":9},"end":{"line":1134,"column":19}},"loc":{"start":{"line":1134,"column":22},"end":{"line":1204,"column":1}},"line":1134},"25":{"name":"createCopy","decl":{"start":{"line":1206,"column":9},"end":{"line":1206,"column":19}},"loc":{"start":{"line":1206,"column":22},"end":{"line":1215,"column":1}},"line":1206},"26":{"name":"resetPuzzle","decl":{"start":{"line":1217,"column":9},"end":{"line":1217,"column":20}},"loc":{"start":{"line":1217,"column":23},"end":{"line":1229,"column":1}},"line":1217},"27":{"name":"checkSolution","decl":{"start":{"line":1231,"column":9},"end":{"line":1231,"column":22}},"loc":{"start":{"line":1231,"column":25},"end":{"line":1255,"column":1}},"line":1231},"28":{"name":"HashiSolverMain","decl":{"start":{"line":1257,"column":9},"end":{"line":1257,"column":24}},"loc":{"start":{"line":1257,"column":58},"end":{"line":1303,"column":1}},"line":1257}},"branchMap":{"0":{"loc":{"start":{"line":91,"column":8},"end":{"line":100,"column":9}},"type":"if","locations":[{"start":{"line":91,"column":8},"end":{"line":100,"column":9}},{"start":{"line":96,"column":13},"end":{"line":100,"column":9}}],"line":91},"1":{"loc":{"start":{"line":91,"column":12},"end":{"line":91,"column":53}},"type":"binary-expr","locations":[{"start":{"line":91,"column":12},"end":{"line":91,"column":33}},{"start":{"line":91,"column":37},"end":{"line":91,"column":53}}],"line":91},"2":{"loc":{"start":{"line":112,"column":8},"end":{"line":133,"column":9}},"type":"if","locations":[{"start":{"line":112,"column":8},"end":{"line":133,"column":9}},{"start":{"line":117,"column":13},"end":{"line":133,"column":9}}],"line":112},"3":{"loc":{"start":{"line":117,"column":13},"end":{"line":133,"column":9}},"type":"if","locations":[{"start":{"line":117,"column":13},"end":{"line":133,"column":9}},{"start":{"line":122,"column":13},"end":{"line":133,"column":9}}],"line":117},"4":{"loc":{"start":{"line":122,"column":13},"end":{"line":133,"column":9}},"type":"if","locations":[{"start":{"line":122,"column":13},"end":{"line":133,"column":9}},{"start":{"line":127,"column":13},"end":{"line":133,"column":9}}],"line":122},"5":{"loc":{"start":{"line":139,"column":8},"end":{"line":142,"column":9}},"type":"if","locations":[{"start":{"line":139,"column":8},"end":{"line":142,"column":9}},{"start":{},"end":{}}],"line":139},"6":{"loc":{"start":{"line":139,"column":12},"end":{"line":139,"column":95}},"type":"binary-expr","locations":[{"start":{"line":139,"column":12},"end":{"line":139,"column":57}},{"start":{"line":139,"column":61},"end":{"line":139,"column":95}}],"line":139},"7":{"loc":{"start":{"line":154,"column":8},"end":{"line":183,"column":9}},"type":"if","locations":[{"start":{"line":154,"column":8},"end":{"line":183,"column":9}},{"start":{"line":163,"column":13},"end":{"line":183,"column":9}}],"line":154},"8":{"loc":{"start":{"line":156,"column":12},"end":{"line":158,"column":13}},"type":"if","locations":[{"start":{"line":156,"column":12},"end":{"line":158,"column":13}},{"start":{},"end":{}}],"line":156},"9":{"loc":{"start":{"line":163,"column":13},"end":{"line":183,"column":9}},"type":"if","locations":[{"start":{"line":163,"column":13},"end":{"line":183,"column":9}},{"start":{"line":168,"column":13},"end":{"line":183,"column":9}}],"line":163},"10":{"loc":{"start":{"line":168,"column":13},"end":{"line":183,"column":9}},"type":"if","locations":[{"start":{"line":168,"column":13},"end":{"line":183,"column":9}},{"start":{"line":173,"column":13},"end":{"line":183,"column":9}}],"line":168},"11":{"loc":{"start":{"line":173,"column":13},"end":{"line":183,"column":9}},"type":"if","locations":[{"start":{"line":173,"column":13},"end":{"line":183,"column":9}},{"start":{"line":178,"column":13},"end":{"line":183,"column":9}}],"line":173},"12":{"loc":{"start":{"line":186,"column":8},"end":{"line":188,"column":9}},"type":"if","locations":[{"start":{"line":186,"column":8},"end":{"line":188,"column":9}},{"start":{},"end":{}}],"line":186},"13":{"loc":{"start":{"line":186,"column":12},"end":{"line":186,"column":118}},"type":"binary-expr","locations":[{"start":{"line":186,"column":12},"end":{"line":186,"column":57}},{"start":{"line":186,"column":61},"end":{"line":186,"column":95}},{"start":{"line":186,"column":99},"end":{"line":186,"column":118}}],"line":186},"14":{"loc":{"start":{"line":191,"column":8},"end":{"line":214,"column":9}},"type":"if","locations":[{"start":{"line":191,"column":8},"end":{"line":214,"column":9}},{"start":{},"end":{}}],"line":191},"15":{"loc":{"start":{"line":194,"column":12},"end":{"line":204,"column":13}},"type":"if","locations":[{"start":{"line":194,"column":12},"end":{"line":204,"column":13}},{"start":{},"end":{}}],"line":194},"16":{"loc":{"start":{"line":194,"column":16},"end":{"line":194,"column":67}},"type":"binary-expr","locations":[{"start":{"line":194,"column":16},"end":{"line":194,"column":40}},{"start":{"line":194,"column":44},"end":{"line":194,"column":67}}],"line":194},"17":{"loc":{"start":{"line":206,"column":12},"end":{"line":208,"column":13}},"type":"if","locations":[{"start":{"line":206,"column":12},"end":{"line":208,"column":13}},{"start":{},"end":{}}],"line":206},"18":{"loc":{"start":{"line":206,"column":16},"end":{"line":206,"column":62}},"type":"binary-expr","locations":[{"start":{"line":206,"column":16},"end":{"line":206,"column":39}},{"start":{"line":206,"column":43},"end":{"line":206,"column":62}}],"line":206},"19":{"loc":{"start":{"line":211,"column":12},"end":{"line":213,"column":13}},"type":"if","locations":[{"start":{"line":211,"column":12},"end":{"line":213,"column":13}},{"start":{},"end":{}}],"line":211},"20":{"loc":{"start":{"line":217,"column":8},"end":{"line":230,"column":9}},"type":"if","locations":[{"start":{"line":217,"column":8},"end":{"line":230,"column":9}},{"start":{"line":228,"column":13},"end":{"line":230,"column":9}}],"line":217},"21":{"loc":{"start":{"line":217,"column":12},"end":{"line":217,"column":49}},"type":"binary-expr","locations":[{"start":{"line":217,"column":12},"end":{"line":217,"column":32}},{"start":{"line":217,"column":36},"end":{"line":217,"column":49}}],"line":217},"22":{"loc":{"start":{"line":228,"column":13},"end":{"line":230,"column":9}},"type":"if","locations":[{"start":{"line":228,"column":13},"end":{"line":230,"column":9}},{"start":{},"end":{}}],"line":228},"23":{"loc":{"start":{"line":228,"column":17},"end":{"line":228,"column":54}},"type":"binary-expr","locations":[{"start":{"line":228,"column":17},"end":{"line":228,"column":38}},{"start":{"line":228,"column":42},"end":{"line":228,"column":54}}],"line":228},"24":{"loc":{"start":{"line":240,"column":8},"end":{"line":283,"column":9}},"type":"if","locations":[{"start":{"line":240,"column":8},"end":{"line":283,"column":9}},{"start":{},"end":{}}],"line":240},"25":{"loc":{"start":{"line":245,"column":12},"end":{"line":260,"column":13}},"type":"if","locations":[{"start":{"line":245,"column":12},"end":{"line":260,"column":13}},{"start":{"line":258,"column":17},"end":{"line":260,"column":13}}],"line":245},"26":{"loc":{"start":{"line":253,"column":16},"end":{"line":255,"column":17}},"type":"if","locations":[{"start":{"line":253,"column":16},"end":{"line":255,"column":17}},{"start":{},"end":{}}],"line":253},"27":{"loc":{"start":{"line":268,"column":12},"end":{"line":282,"column":13}},"type":"if","locations":[{"start":{"line":268,"column":12},"end":{"line":282,"column":13}},{"start":{"line":280,"column":17},"end":{"line":282,"column":13}}],"line":268},"28":{"loc":{"start":{"line":277,"column":24},"end":{"line":277,"column":57}},"type":"binary-expr","locations":[{"start":{"line":277,"column":24},"end":{"line":277,"column":38}},{"start":{"line":277,"column":42},"end":{"line":277,"column":57}}],"line":277},"29":{"loc":{"start":{"line":295,"column":8},"end":{"line":297,"column":9}},"type":"if","locations":[{"start":{"line":295,"column":8},"end":{"line":297,"column":9}},{"start":{},"end":{}}],"line":295},"30":{"loc":{"start":{"line":300,"column":8},"end":{"line":302,"column":9}},"type":"if","locations":[{"start":{"line":300,"column":8},"end":{"line":302,"column":9}},{"start":{},"end":{}}],"line":300},"31":{"loc":{"start":{"line":309,"column":8},"end":{"line":314,"column":9}},"type":"if","locations":[{"start":{"line":309,"column":8},"end":{"line":314,"column":9}},{"start":{},"end":{}}],"line":309},"32":{"loc":{"start":{"line":313,"column":29},"end":{"line":313,"column":116}},"type":"binary-expr","locations":[{"start":{"line":313,"column":29},"end":{"line":313,"column":98}},{"start":{"line":313,"column":102},"end":{"line":313,"column":116}}],"line":313},"33":{"loc":{"start":{"line":317,"column":8},"end":{"line":395,"column":9}},"type":"if","locations":[{"start":{"line":317,"column":8},"end":{"line":395,"column":9}},{"start":{"line":365,"column":13},"end":{"line":395,"column":9}}],"line":317},"34":{"loc":{"start":{"line":335,"column":16},"end":{"line":360,"column":17}},"type":"if","locations":[{"start":{"line":335,"column":16},"end":{"line":360,"column":17}},{"start":{},"end":{}}],"line":335},"35":{"loc":{"start":{"line":335,"column":20},"end":{"line":335,"column":82}},"type":"binary-expr","locations":[{"start":{"line":335,"column":20},"end":{"line":335,"column":57}},{"start":{"line":335,"column":61},"end":{"line":335,"column":82}}],"line":335},"36":{"loc":{"start":{"line":341,"column":20},"end":{"line":353,"column":21}},"type":"if","locations":[{"start":{"line":341,"column":20},"end":{"line":353,"column":21}},{"start":{},"end":{}}],"line":341},"37":{"loc":{"start":{"line":347,"column":24},"end":{"line":349,"column":25}},"type":"if","locations":[{"start":{"line":347,"column":24},"end":{"line":349,"column":25}},{"start":{},"end":{}}],"line":347},"38":{"loc":{"start":{"line":359,"column":37},"end":{"line":359,"column":93}},"type":"binary-expr","locations":[{"start":{"line":359,"column":37},"end":{"line":359,"column":75}},{"start":{"line":359,"column":79},"end":{"line":359,"column":93}}],"line":359},"39":{"loc":{"start":{"line":365,"column":13},"end":{"line":395,"column":9}},"type":"if","locations":[{"start":{"line":365,"column":13},"end":{"line":395,"column":9}},{"start":{},"end":{}}],"line":365},"40":{"loc":{"start":{"line":365,"column":17},"end":{"line":365,"column":77}},"type":"binary-expr","locations":[{"start":{"line":365,"column":17},"end":{"line":365,"column":39}},{"start":{"line":365,"column":43},"end":{"line":365,"column":77}}],"line":365},"41":{"loc":{"start":{"line":381,"column":16},"end":{"line":393,"column":17}},"type":"if","locations":[{"start":{"line":381,"column":16},"end":{"line":393,"column":17}},{"start":{},"end":{}}],"line":381},"42":{"loc":{"start":{"line":392,"column":37},"end":{"line":392,"column":90}},"type":"binary-expr","locations":[{"start":{"line":392,"column":37},"end":{"line":392,"column":72}},{"start":{"line":392,"column":76},"end":{"line":392,"column":90}}],"line":392},"43":{"loc":{"start":{"line":397,"column":15},"end":{"line":397,"column":58}},"type":"binary-expr","locations":[{"start":{"line":397,"column":15},"end":{"line":397,"column":40}},{"start":{"line":397,"column":44},"end":{"line":397,"column":58}}],"line":397},"44":{"loc":{"start":{"line":410,"column":8},"end":{"line":418,"column":9}},"type":"if","locations":[{"start":{"line":410,"column":8},"end":{"line":418,"column":9}},{"start":{},"end":{}}],"line":410},"45":{"loc":{"start":{"line":414,"column":12},"end":{"line":417,"column":13}},"type":"if","locations":[{"start":{"line":414,"column":12},"end":{"line":417,"column":13}},{"start":{},"end":{}}],"line":414},"46":{"loc":{"start":{"line":425,"column":8},"end":{"line":427,"column":9}},"type":"if","locations":[{"start":{"line":425,"column":8},"end":{"line":427,"column":9}},{"start":{},"end":{}}],"line":425},"47":{"loc":{"start":{"line":425,"column":12},"end":{"line":425,"column":58}},"type":"binary-expr","locations":[{"start":{"line":425,"column":12},"end":{"line":425,"column":34}},{"start":{"line":425,"column":38},"end":{"line":425,"column":58}}],"line":425},"48":{"loc":{"start":{"line":434,"column":8},"end":{"line":561,"column":9}},"type":"if","locations":[{"start":{"line":434,"column":8},"end":{"line":561,"column":9}},{"start":{},"end":{}}],"line":434},"49":{"loc":{"start":{"line":439,"column":12},"end":{"line":560,"column":13}},"type":"if","locations":[{"start":{"line":439,"column":12},"end":{"line":560,"column":13}},{"start":{"line":486,"column":17},"end":{"line":560,"column":13}}],"line":439},"50":{"loc":{"start":{"line":439,"column":16},"end":{"line":439,"column":61}},"type":"binary-expr","locations":[{"start":{"line":439,"column":16},"end":{"line":439,"column":36}},{"start":{"line":439,"column":40},"end":{"line":439,"column":61}}],"line":439},"51":{"loc":{"start":{"line":444,"column":20},"end":{"line":480,"column":21}},"type":"if","locations":[{"start":{"line":444,"column":20},"end":{"line":480,"column":21}},{"start":{},"end":{}}],"line":444},"52":{"loc":{"start":{"line":444,"column":24},"end":{"line":444,"column":76}},"type":"binary-expr","locations":[{"start":{"line":444,"column":24},"end":{"line":444,"column":41}},{"start":{"line":444,"column":45},"end":{"line":444,"column":58}},{"start":{"line":444,"column":62},"end":{"line":444,"column":76}}],"line":444},"53":{"loc":{"start":{"line":450,"column":24},"end":{"line":478,"column":25}},"type":"if","locations":[{"start":{"line":450,"column":24},"end":{"line":478,"column":25}},{"start":{"line":464,"column":29},"end":{"line":478,"column":25}}],"line":450},"54":{"loc":{"start":{"line":450,"column":28},"end":{"line":450,"column":112}},"type":"binary-expr","locations":[{"start":{"line":450,"column":28},"end":{"line":450,"column":59}},{"start":{"line":450,"column":64},"end":{"line":450,"column":78}},{"start":{"line":450,"column":82},"end":{"line":450,"column":111}}],"line":450},"55":{"loc":{"start":{"line":464,"column":29},"end":{"line":478,"column":25}},"type":"if","locations":[{"start":{"line":464,"column":29},"end":{"line":478,"column":25}},{"start":{},"end":{}}],"line":464},"56":{"loc":{"start":{"line":486,"column":17},"end":{"line":560,"column":13}},"type":"if","locations":[{"start":{"line":486,"column":17},"end":{"line":560,"column":13}},{"start":{"line":530,"column":17},"end":{"line":560,"column":13}}],"line":486},"57":{"loc":{"start":{"line":486,"column":21},"end":{"line":486,"column":66}},"type":"binary-expr","locations":[{"start":{"line":486,"column":21},"end":{"line":486,"column":41}},{"start":{"line":486,"column":45},"end":{"line":486,"column":66}}],"line":486},"58":{"loc":{"start":{"line":491,"column":20},"end":{"line":524,"column":21}},"type":"if","locations":[{"start":{"line":491,"column":20},"end":{"line":524,"column":21}},{"start":{},"end":{}}],"line":491},"59":{"loc":{"start":{"line":491,"column":24},"end":{"line":491,"column":76}},"type":"binary-expr","locations":[{"start":{"line":491,"column":24},"end":{"line":491,"column":41}},{"start":{"line":491,"column":45},"end":{"line":491,"column":58}},{"start":{"line":491,"column":62},"end":{"line":491,"column":76}}],"line":491},"60":{"loc":{"start":{"line":497,"column":24},"end":{"line":522,"column":25}},"type":"if","locations":[{"start":{"line":497,"column":24},"end":{"line":522,"column":25}},{"start":{},"end":{}}],"line":497},"61":{"loc":{"start":{"line":500,"column":28},"end":{"line":520,"column":29}},"type":"if","locations":[{"start":{"line":500,"column":28},"end":{"line":520,"column":29}},{"start":{"line":511,"column":33},"end":{"line":520,"column":29}}],"line":500},"62":{"loc":{"start":{"line":500,"column":32},"end":{"line":500,"column":97}},"type":"binary-expr","locations":[{"start":{"line":500,"column":32},"end":{"line":500,"column":46}},{"start":{"line":500,"column":50},"end":{"line":500,"column":79}},{"start":{"line":500,"column":83},"end":{"line":500,"column":97}}],"line":500},"63":{"loc":{"start":{"line":511,"column":33},"end":{"line":520,"column":29}},"type":"if","locations":[{"start":{"line":511,"column":33},"end":{"line":520,"column":29}},{"start":{},"end":{}}],"line":511},"64":{"loc":{"start":{"line":530,"column":17},"end":{"line":560,"column":13}},"type":"if","locations":[{"start":{"line":530,"column":17},"end":{"line":560,"column":13}},{"start":{},"end":{}}],"line":530},"65":{"loc":{"start":{"line":530,"column":21},"end":{"line":530,"column":66}},"type":"binary-expr","locations":[{"start":{"line":530,"column":21},"end":{"line":530,"column":41}},{"start":{"line":530,"column":45},"end":{"line":530,"column":66}}],"line":530},"66":{"loc":{"start":{"line":535,"column":20},"end":{"line":557,"column":21}},"type":"if","locations":[{"start":{"line":535,"column":20},"end":{"line":557,"column":21}},{"start":{},"end":{}}],"line":535},"67":{"loc":{"start":{"line":535,"column":24},"end":{"line":535,"column":76}},"type":"binary-expr","locations":[{"start":{"line":535,"column":24},"end":{"line":535,"column":41}},{"start":{"line":535,"column":45},"end":{"line":535,"column":58}},{"start":{"line":535,"column":62},"end":{"line":535,"column":76}}],"line":535},"68":{"loc":{"start":{"line":542,"column":24},"end":{"line":556,"column":25}},"type":"if","locations":[{"start":{"line":542,"column":24},"end":{"line":556,"column":25}},{"start":{},"end":{}}],"line":542},"69":{"loc":{"start":{"line":564,"column":8},"end":{"line":567,"column":9}},"type":"if","locations":[{"start":{"line":564,"column":8},"end":{"line":567,"column":9}},{"start":{},"end":{}}],"line":564},"70":{"loc":{"start":{"line":574,"column":8},"end":{"line":610,"column":9}},"type":"if","locations":[{"start":{"line":574,"column":8},"end":{"line":610,"column":9}},{"start":{},"end":{}}],"line":574},"71":{"loc":{"start":{"line":581,"column":12},"end":{"line":603,"column":13}},"type":"if","locations":[{"start":{"line":581,"column":12},"end":{"line":603,"column":13}},{"start":{},"end":{}}],"line":581},"72":{"loc":{"start":{"line":585,"column":16},"end":{"line":602,"column":17}},"type":"if","locations":[{"start":{"line":585,"column":16},"end":{"line":602,"column":17}},{"start":{},"end":{}}],"line":585},"73":{"loc":{"start":{"line":585,"column":20},"end":{"line":585,"column":78}},"type":"binary-expr","locations":[{"start":{"line":585,"column":20},"end":{"line":585,"column":40}},{"start":{"line":585,"column":44},"end":{"line":585,"column":78}}],"line":585},"74":{"loc":{"start":{"line":588,"column":20},"end":{"line":599,"column":21}},"type":"if","locations":[{"start":{"line":588,"column":20},"end":{"line":599,"column":21}},{"start":{"line":594,"column":25},"end":{"line":599,"column":21}}],"line":588},"75":{"loc":{"start":{"line":588,"column":24},"end":{"line":588,"column":86}},"type":"binary-expr","locations":[{"start":{"line":588,"column":24},"end":{"line":588,"column":60}},{"start":{"line":588,"column":64},"end":{"line":588,"column":86}}],"line":588},"76":{"loc":{"start":{"line":594,"column":25},"end":{"line":599,"column":21}},"type":"if","locations":[{"start":{"line":594,"column":25},"end":{"line":599,"column":21}},{"start":{},"end":{}}],"line":594},"77":{"loc":{"start":{"line":606,"column":12},"end":{"line":609,"column":13}},"type":"if","locations":[{"start":{"line":606,"column":12},"end":{"line":609,"column":13}},{"start":{},"end":{}}],"line":606},"78":{"loc":{"start":{"line":624,"column":12},"end":{"line":635,"column":13}},"type":"if","locations":[{"start":{"line":624,"column":12},"end":{"line":635,"column":13}},{"start":{},"end":{}}],"line":624},"79":{"loc":{"start":{"line":648,"column":12},"end":{"line":703,"column":13}},"type":"if","locations":[{"start":{"line":648,"column":12},"end":{"line":703,"column":13}},{"start":{},"end":{}}],"line":648},"80":{"loc":{"start":{"line":656,"column":16},"end":{"line":671,"column":17}},"type":"if","locations":[{"start":{"line":656,"column":16},"end":{"line":671,"column":17}},{"start":{},"end":{}}],"line":656},"81":{"loc":{"start":{"line":656,"column":20},"end":{"line":656,"column":71}},"type":"binary-expr","locations":[{"start":{"line":656,"column":20},"end":{"line":656,"column":32}},{"start":{"line":656,"column":36},"end":{"line":656,"column":71}}],"line":656},"82":{"loc":{"start":{"line":658,"column":27},"end":{"line":658,"column":78}},"type":"binary-expr","locations":[{"start":{"line":658,"column":27},"end":{"line":658,"column":39}},{"start":{"line":658,"column":43},"end":{"line":658,"column":78}}],"line":658},"83":{"loc":{"start":{"line":663,"column":20},"end":{"line":670,"column":21}},"type":"if","locations":[{"start":{"line":663,"column":20},"end":{"line":670,"column":21}},{"start":{},"end":{}}],"line":663},"84":{"loc":{"start":{"line":677,"column":16},"end":{"line":692,"column":17}},"type":"if","locations":[{"start":{"line":677,"column":16},"end":{"line":692,"column":17}},{"start":{},"end":{}}],"line":677},"85":{"loc":{"start":{"line":677,"column":20},"end":{"line":677,"column":71}},"type":"binary-expr","locations":[{"start":{"line":677,"column":20},"end":{"line":677,"column":32}},{"start":{"line":677,"column":36},"end":{"line":677,"column":71}}],"line":677},"86":{"loc":{"start":{"line":679,"column":27},"end":{"line":679,"column":78}},"type":"binary-expr","locations":[{"start":{"line":679,"column":27},"end":{"line":679,"column":39}},{"start":{"line":679,"column":43},"end":{"line":679,"column":78}}],"line":679},"87":{"loc":{"start":{"line":684,"column":20},"end":{"line":691,"column":21}},"type":"if","locations":[{"start":{"line":684,"column":20},"end":{"line":691,"column":21}},{"start":{},"end":{}}],"line":684},"88":{"loc":{"start":{"line":695,"column":16},"end":{"line":697,"column":17}},"type":"if","locations":[{"start":{"line":695,"column":16},"end":{"line":697,"column":17}},{"start":{},"end":{}}],"line":695},"89":{"loc":{"start":{"line":718,"column":4},"end":{"line":829,"column":5}},"type":"if","locations":[{"start":{"line":718,"column":4},"end":{"line":829,"column":5}},{"start":{"line":776,"column":9},"end":{"line":829,"column":5}}],"line":718},"90":{"loc":{"start":{"line":718,"column":8},"end":{"line":718,"column":46}},"type":"binary-expr","locations":[{"start":{"line":718,"column":8},"end":{"line":718,"column":25}},{"start":{"line":718,"column":29},"end":{"line":718,"column":46}}],"line":718},"91":{"loc":{"start":{"line":728,"column":8},"end":{"line":730,"column":9}},"type":"if","locations":[{"start":{"line":728,"column":8},"end":{"line":730,"column":9}},{"start":{},"end":{}}],"line":728},"92":{"loc":{"start":{"line":733,"column":8},"end":{"line":736,"column":9}},"type":"if","locations":[{"start":{"line":733,"column":8},"end":{"line":736,"column":9}},{"start":{},"end":{}}],"line":733},"93":{"loc":{"start":{"line":739,"column":8},"end":{"line":741,"column":9}},"type":"if","locations":[{"start":{"line":739,"column":8},"end":{"line":741,"column":9}},{"start":{},"end":{}}],"line":739},"94":{"loc":{"start":{"line":746,"column":15},"end":{"line":746,"column":88}},"type":"binary-expr","locations":[{"start":{"line":746,"column":15},"end":{"line":746,"column":57}},{"start":{"line":746,"column":61},"end":{"line":746,"column":88}}],"line":746},"95":{"loc":{"start":{"line":753,"column":12},"end":{"line":764,"column":13}},"type":"if","locations":[{"start":{"line":753,"column":12},"end":{"line":764,"column":13}},{"start":{},"end":{}}],"line":753},"96":{"loc":{"start":{"line":757,"column":23},"end":{"line":757,"column":97}},"type":"binary-expr","locations":[{"start":{"line":757,"column":23},"end":{"line":757,"column":41}},{"start":{"line":757,"column":45},"end":{"line":757,"column":97}}],"line":757},"97":{"loc":{"start":{"line":761,"column":16},"end":{"line":763,"column":17}},"type":"if","locations":[{"start":{"line":761,"column":16},"end":{"line":763,"column":17}},{"start":{},"end":{}}],"line":761},"98":{"loc":{"start":{"line":761,"column":20},"end":{"line":761,"column":94}},"type":"binary-expr","locations":[{"start":{"line":761,"column":20},"end":{"line":761,"column":38}},{"start":{"line":761,"column":42},"end":{"line":761,"column":94}}],"line":761},"99":{"loc":{"start":{"line":762,"column":34},"end":{"line":762,"column":106}},"type":"binary-expr","locations":[{"start":{"line":762,"column":34},"end":{"line":762,"column":91}},{"start":{"line":762,"column":95},"end":{"line":762,"column":106}}],"line":762},"100":{"loc":{"start":{"line":770,"column":22},"end":{"line":770,"column":89}},"type":"binary-expr","locations":[{"start":{"line":770,"column":22},"end":{"line":770,"column":74}},{"start":{"line":770,"column":78},"end":{"line":770,"column":89}}],"line":770},"101":{"loc":{"start":{"line":783,"column":8},"end":{"line":785,"column":9}},"type":"if","locations":[{"start":{"line":783,"column":8},"end":{"line":785,"column":9}},{"start":{},"end":{}}],"line":783},"102":{"loc":{"start":{"line":787,"column":8},"end":{"line":789,"column":9}},"type":"if","locations":[{"start":{"line":787,"column":8},"end":{"line":789,"column":9}},{"start":{},"end":{}}],"line":787},"103":{"loc":{"start":{"line":791,"column":8},"end":{"line":794,"column":9}},"type":"if","locations":[{"start":{"line":791,"column":8},"end":{"line":794,"column":9}},{"start":{},"end":{}}],"line":791},"104":{"loc":{"start":{"line":804,"column":12},"end":{"line":819,"column":13}},"type":"if","locations":[{"start":{"line":804,"column":12},"end":{"line":819,"column":13}},{"start":{},"end":{}}],"line":804},"105":{"loc":{"start":{"line":810,"column":23},"end":{"line":810,"column":97}},"type":"binary-ex
[...]
rt":{},"end":{}}],"line":843},"113":{"loc":{"start":{"line":850,"column":8},"end":{"line":852,"column":9}},"type":"if","locations":[{"start":{"line":850,"column":8},"end":{"line":852,"column":9}},{"start":{},"end":{}}],"line":850},"114":{"loc":{"start":{"line":861,"column":12},"end":{"line":871,"column":13}},"type":"if","locations":[{"start":{"line":861,"column":12},"end":{"line":871,"column":13}},{"start":{},"end":{}}],"line":861},"115":{"loc":{"start":{"line":864,"column":23},"end":{"line":864,"column":86}},"type":"binary-expr","locations":[{"start":{"line":864,"column":23},"end":{"line":864,"column":37}},{"start":{"line":864,"column":41},"end":{"line":864,"column":86}}],"line":864},"116":{"loc":{"start":{"line":868,"column":16},"end":{"line":870,"column":17}},"type":"if","locations":[{"start":{"line":868,"column":16},"end":{"line":870,"column":17}},{"start":{},"end":{}}],"line":868},"117":{"loc":{"start":{"line":868,"column":20},"end":{"line":868,"column":83}},"type":"binary-expr","locations":[{"start":{"line":868,"column":20},"end":{"line":868,"column":34}},{"start":{"line":868,"column":38},"end":{"line":868,"column":83}}],"line":868},"118":{"loc":{"start":{"line":881,"column":8},"end":{"line":883,"column":9}},"type":"if","locations":[{"start":{"line":881,"column":8},"end":{"line":883,"column":9}},{"start":{},"end":{}}],"line":881},"119":{"loc":{"start":{"line":887,"column":8},"end":{"line":889,"column":9}},"type":"if","locations":[{"start":{"line":887,"column":8},"end":{"line":889,"column":9}},{"start":{},"end":{}}],"line":887},"120":{"loc":{"start":{"line":898,"column":12},"end":{"line":909,"column":13}},"type":"if","locations":[{"start":{"line":898,"column":12},"end":{"line":909,"column":13}},{"start":{},"end":{}}],"line":898},"121":{"loc":{"start":{"line":901,"column":23},"end":{"line":901,"column":86}},"type":"binary-expr","locations":[{"start":{"line":901,"column":23},"end":{"line":901,"column":37}},{"start":{"line":901,"column":41},"end":{"line":901,"column":86}}],"line":901},"122":{"loc":{"start":{"line":906,"column":16},"end":{"line":908,"column":17}},"type":"if","locations":[{"start":{"line":906,"column":16},"end":{"line":908,"column":17}},{"start":{},"end":{}}],"line":906},"123":{"loc":{"start":{"line":906,"column":20},"end":{"line":906,"column":83}},"type":"binary-expr","locations":[{"start":{"line":906,"column":20},"end":{"line":906,"column":34}},{"start":{"line":906,"column":38},"end":{"line":906,"column":83}}],"line":906},"124":{"loc":{"start":{"line":921,"column":4},"end":{"line":968,"column":5}},"type":"if","locations":[{"start":{"line":921,"column":4},"end":{"line":968,"column":5}},{"start":{"line":966,"column":9},"end":{"line":968,"column":5}}],"line":921},"125":{"loc":{"start":{"line":926,"column":8},"end":{"line":961,"column":9}},"type":"if","locations":[{"start":{"line":926,"column":8},"end":{"line":961,"column":9}},{"start":{"line":945,"column":13},"end":{"line":961,"column":9}}],"line":926},"126":{"loc":{"start":{"line":978,"column":8},"end":{"line":984,"column":9}},"type":"if","locations":[{"start":{"line":978,"column":8},"end":{"line":984,"column":9}},{"start":{},"end":{}}],"line":978},"127":{"loc":{"start":{"line":980,"column":12},"end":{"line":983,"column":13}},"type":"if","locations":[{"start":{"line":980,"column":12},"end":{"line":983,"column":13}},{"start":{},"end":{}}],"line":980},"128":{"loc":{"start":{"line":994,"column":4},"end":{"line":1000,"column":5}},"type":"if","locations":[{"start":{"line":994,"column":4},"end":{"line":1000,"column":5}},{"start":{},"end":{}}],"line":994},"129":{"loc":{"start":{"line":994,"column":8},"end":{"line":994,"column":95}},"type":"binary-expr","locations":[{"start":{"line":994,"column":8},"end":{"line":994,"column":45}},{"start":{"line":994,"column":49},"end":{"line":994,"column":95}}],"line":994},"130":{"loc":{"start":{"line":996,"column":8},"end":{"line":998,"column":9}},"type":"if","locations":[{"start":{"line":996,"column":8},"end":{"line":998,"column":9}},{"start":{},"end":{}}],"line":996},"131":{"loc":{"start":{"line":1002,"column":4},"end":{"line":1009,"column":5}},"type":"if","locations":[{"start":{"line":1002,"column":4},"end":{"line":1009,"column":5}},{"start":{},"end":{}}],"line":1002},"132":{"loc":{"start":{"line":1002,"column":8},"end":{"line":1002,"column":95}},"type":"binary-expr","locations":[{"start":{"line":1002,"column":8},"end":{"line":1002,"column":45}},{"start":{"line":1002,"column":49},"end":{"line":1002,"column":95}}],"line":1002},"133":{"loc":{"start":{"line":1004,"column":8},"end":{"line":1006,"column":9}},"type":"if","locations":[{"start":{"line":1004,"column":8},"end":{"line":1006,"column":9}},{"start":{},"end":{}}],"line":1004},"134":{"loc":{"start":{"line":1011,"column":4},"end":{"line":1017,"column":5}},"type":"if","locations":[{"start":{"line":1011,"column":4},"end":{"line":1017,"column":5}},{"start":{},"end":{}}],"line":1011},"135":{"loc":{"start":{"line":1011,"column":8},"end":{"line":1011,"column":95}},"type":"binary-expr","locations":[{"start":{"line":1011,"column":8},"end":{"line":1011,"column":45}},{"start":{"line":1011,"column":49},"end":{"line":1011,"column":95}}],"line":1011},"136":{"loc":{"start":{"line":1013,"column":8},"end":{"line":1015,"column":9}},"type":"if","locations":[{"start":{"line":1013,"column":8},"end":{"line":1015,"column":9}},{"start":{},"end":{}}],"line":1013},"137":{"loc":{"start":{"line":1019,"column":4},"end":{"line":1025,"column":5}},"type":"if","locations":[{"start":{"line":1019,"column":4},"end":{"line":1025,"column":5}},{"start":{},"end":{}}],"line":1019},"138":{"loc":{"start":{"line":1019,"column":8},"end":{"line":1019,"column":95}},"type":"binary-expr","locations":[{"start":{"line":1019,"column":8},"end":{"line":1019,"column":45}},{"start":{"line":1019,"column":49},"end":{"line":1019,"column":95}}],"line":1019},"139":{"loc":{"start":{"line":1021,"column":8},"end":{"line":1023,"column":9}},"type":"if","locations":[{"start":{"line":1021,"column":8},"end":{"line":1023,"column":9}},{"start":{},"end":{}}],"line":1021},"140":{"loc":{"start":{"line":1051,"column":8},"end":{"line":1061,"column":9}},"type":"if","locations":[{"start":{"line":1051,"column":8},"end":{"line":1061,"column":9}},{"start":{},"end":{}}],"line":1051},"141":{"loc":{"start":{"line":1055,"column":12},"end":{"line":1058,"column":13}},"type":"if","locations":[{"start":{"line":1055,"column":12},"end":{"line":1058,"column":13}},{"start":{},"end":{}}],"line":1055},"142":{"loc":{"start":{"line":1073,"column":27},"end":{"line":1073,"column":134}},"type":"binary-expr","locations":[{"start":{"line":1073,"column":27},"end":{"line":1073,"column":114}},{"start":{"line":1073,"column":118},"end":{"line":1073,"column":134}}],"line":1073},"143":{"loc":{"start":{"line":1082,"column":8},"end":{"line":1087,"column":9}},"type":"if","locations":[{"start":{"line":1082,"column":8},"end":{"line":1087,"column":9}},{"start":{},"end":{}}],"line":1082},"144":{"loc":{"start":{"line":1083,"column":12},"end":{"line":1085,"column":13}},"type":"if","locations":[{"start":{"line":1083,"column":12},"end":{"line":1085,"column":13}},{"start":{},"end":{}}],"line":1083},"145":{"loc":{"start":{"line":1091,"column":8},"end":{"line":1128,"column":9}},"type":"if","locations":[{"start":{"line":1091,"column":8},"end":{"line":1128,"column":9}},{"start":{"line":1123,"column":13},"end":{"line":1128,"column":9}}],"line":1091},"146":{"loc":{"start":{"line":1102,"column":16},"end":{"line":1104,"column":17}},"type":"if","locations":[{"start":{"line":1102,"column":16},"end":{"line":1104,"column":17}},{"start":{},"end":{}}],"line":1102},"147":{"loc":{"start":{"line":1102,"column":20},"end":{"line":1102,"column":126}},"type":"binary-expr","locations":[{"start":{"line":1102,"column":20},"end":{"line":1102,"column":70}},{"start":{"line":1102,"column":74},"end":{"line":1102,"column":126}}],"line":1102},"148":{"loc":{"start":{"line":1105,"column":16},"end":{"line":1107,"column":17}},"type":"if","locations":[{"start":{"line":1105,"column":16},"end":{"line":1107,"column":17}},{"start":{},"end":{}}],"line":1105},"149":{"loc":{"start":{"line":1112,"column":31},"end":{"line":1112,"column":149}},"type":"binary-expr","locations":[{"start":{"line":1112,"column":31},"end":{"line":1112,"column":129}},{"start":{"line":1112,"column":133},"end":{"line":1112,"column":149}}],"line":1112},"150":{"loc":{"start":{"line":1118,"column":35},"end":{"line":1118,"column":134}},"type":"binary-expr","locations":[{"start":{"line":1118,"column":35},"end":{"line":1118,"column":114}},{"start":{"line":1118,"column":118},"end":{"line":1118,"column":134}}],"line":1118},"151":{"loc":{"start":{"line":1143,"column":11},"end":{"line":1143,"column":68}},"type":"binary-expr","locations":[{"start":{"line":1143,"column":11},"end":{"line":1143,"column":39}},{"start":{"line":1143,"column":43},"end":{"line":1143,"column":68}}],"line":1143},"152":{"loc":{"start":{"line":1150,"column":12},"end":{"line":1152,"column":13}},"type":"if","locations":[{"start":{"line":1150,"column":12},"end":{"line":1152,"column":13}},{"start":{},"end":{}}],"line":1150},"153":{"loc":{"start":{"line":1160,"column":12},"end":{"line":1162,"column":13}},"type":"if","locations":[{"start":{"line":1160,"column":12},"end":{"line":1162,"column":13}},{"start":{},"end":{}}],"line":1160},"154":{"loc":{"start":{"line":1167,"column":4},"end":{"line":1202,"column":5}},"type":"if","locations":[{"start":{"line":1167,"column":4},"end":{"line":1202,"column":5}},{"start":{"line":1184,"column":9},"end":{"line":1202,"column":5}}],"line":1167},"155":{"loc":{"start":{"line":1169,"column":8},"end":{"line":1180,"column":9}},"type":"if","locations":[{"start":{"line":1169,"column":8},"end":{"line":1180,"column":9}},{"start":{"line":1178,"column":13},"end":{"line":1180,"column":9}}],"line":1169},"156":{"loc":{"start":{"line":1170,"column":12},"end":{"line":1176,"column":13}},"type":"if","locations":[{"start":{"line":1170,"column":12},"end":{"line":1176,"column":13}},{"start":{"line":1174,"column":17},"end":{"line":1176,"column":13}}],"line":1170},"157":{"loc":{"start":{"line":1190,"column":15},"end":{"line":1190,"column":62}},"type":"binary-expr","locations":[{"start":{"line":1190,"column":15},"end":{"line":1190,"column":25}},{"start":{"line":1190,"column":29},"end":{"line":1190,"column":62}}],"line":1190},"158":{"loc":{"start":{"line":1192,"column":12},"end":{"line":1198,"column":13}},"type":"if","locations":[{"start":{"line":1192,"column":12},"end":{"line":1198,"column":13}},{"start":{"line":1196,"column":17},"end":{"line":1198,"column":13}}],"line":1192},"159":{"loc":{"start":{"line":1221,"column":12},"end":{"line":1226,"column":13}},"type":"if","locations":[{"start":{"line":1221,"column":12},"end":{"line":1226,"column":13}},{"start":{"line":1224,"column":17},"end":{"line":1226,"column":13}}],"line":1221},"160":{"loc":{"start":{"line":1233,"column":4},"end":{"line":1251,"column":5}},"type":"if","locations":[{"start":{"line":1233,"column":4},"end":{"line":1251,"column":5}},{"start":{"line":1243,"column":9},"end":{"line":1251,"column":5}}],"line":1233},"161":{"loc":{"start":{"line":1246,"column":16},"end":{"line":1248,"column":17}},"type":"if","locations":[{"start":{"line":1246,"column":16},"end":{"line":1248,"column":17}},{"start":{},"end":{}}],"line":1246},"162":{"loc":{"start":{"line":1281,"column":4},"end":{"line":1284,"column":5}},"type":"if","locations":[{"start":{"line":1281,"column":4},"end":{"line":1284,"column":5}},{"start":{},"end":{}}],"line":1281},"163":{"loc":{"start":{"line":1286,"column":4},"end":{"line":1289,"column":5}},"type":"if","locations":[{"start":{"line":1286,"column":4},"end":{"line":1289,"column":5}},{"start":{},"end":{}}],"line":1286},"164":{"loc":{"start":{"line":1294,"column":4},"end":{"line":1302,"column":5}},"type":"if","locations":[{"start":{"line":1294,"column":4},"end":{"line":1302,"column":5}},{"start":{"line":1297,"column":9},"end":{"line":1302,"column":5}}],"line":1294},"165":{"loc":{"start":{"line":1297,"column":9},"end":{"line":1302,"column":5}},"type":"if","locations":[{"start":{"line":1297,"column":9},"end":{"line":1302,"column":5}},{"start":{"line":1300,"column":9},"end":{"line":1302,"column":5}}],"line":1297}},"s":{"0":1,"1":1,"2":1,"3":1,"4":1,"5":1,"6":1,"7":1,"8":92,"9":92,"10":92,"11":92,"12":92,"13":92,"14":92,"15":92,"16":92,"17":92,"18":92,"19":92,"20":242,"21":242,"22":50,"23":50,"24":192,"25":192,"26":192,"27":242,"28":242,"29":91,"30":1,"31":90,"32":11,"33":79,"34":7,"35":72,"36":72,"37":72,"38":72,"39":90,"40":90,"41":21,"42":21,"43":90,"44":1539,"45":1539,"46":336,"47":336,"48":256,"49":1203,"50":13,"51":1190,"52":638,"53":552,"54":122,"55":430,"56":430,"57":430,"58":430,"59":1526,"60":142,"61":1526,"62":1153,"63":802,"64":802,"65":802,"66":3406,"67":802,"68":1153,"69":211,"70":1153,"71":1153,"72":897,"73":1526,"74":99,"75":99,"76":117,"77":99,"78":1427,"79":109,"80":1526,"81":1526,"82":238,"83":186,"84":186,"85":104,"86":104,"87":104,"88":104,"89":52,"90":104,"91":82,"92":186,"93":186,"94":186,"95":93,"96":93,"97":93,"98":93,"99":52,"100":442,"101":442,"102":442,"103":154,"104":442,"105":442,"106":442,"107":350,"108":442,"109":442,"110":442,"111":221,"112":221,"113":442,"114":256,"115":256,"116":256,"117":256,"118":737,"119":737,"120":737,"121":737,"122":223,"123":223,"124":122,"125":122,"126":9,"127":122,"128":223,"129":223,"130":186,"131":54,"132":54,"133":54,"134":161,"135":161,"136":161,"137":69,"138":69,"139":69,"140":69,"141":69,"142":69,"143":442,"144":316,"145":316,"146":316,"147":316,"148":316,"149":316,"150":316,"151":266,"152":316,"153":316,"154":316,"155":72,"156":316,"157":316,"158":316,"159":289,"160":289,"161":18,"162":56,"163":22,"164":22,"165":22,"166":5,"167":5,"168":5,"169":5,"170":5,"171":5,"172":17,"173":7,"174":7,"175":7,"176":7,"177":7,"178":7,"179":7,"180":7,"181":22,"182":271,"183":76,"184":235,"185":124,"186":124,"187":124,"188":103,"189":43,"190":43,"191":43,"192":43,"193":43,"194":43,"195":60,"196":0,"197":0,"198":0,"199":0,"200":0,"201":0,"202":103,"203":195,"204":193,"205":568,"206":206,"207":206,"208":206,"209":100,"210":100,"211":100,"212":100,"213":100,"214":100,"215":100,"216":316,"217":158,"218":316,"219":159,"220":130,"221":130,"222":130,"223":130,"224":98,"225":78,"226":38,"227":38,"228":38,"229":40,"230":40,"231":40,"232":40,"233":40,"234":78,"235":130,"236":65,"237":7,"238":7,"239":7,"240":42,"241":42,"242":271,"243":92,"244":92,"245":92,"246":92,"247":92,"248":7,"249":6,"250":6,"251":37,"252":37,"253":257,"254":91,"255":91,"256":91,"257":77,"258":140,"259":77,"260":63,"261":63,"262":63,"263":91,"264":91,"265":75,"266":120,"267":75,"268":58,"269":58,"270":58,"271":91,"272":1,"273":90,"274":90,"275":5,"276":221,"277":221,"278":221,"279":221,"280":121,"281":121,"282":121,"283":121,"284":61,"285":121,"286":47,"287":47,"288":121,"289":13,"290":121,"291":121,"292":217,"293":217,"294":217,"295":121,"296":121,"297":115,"298":121,"299":85,"300":217,"301":121,"302":121,"303":100,"304":100,"305":100,"306":100,"307":47,"308":100,"309":18,"310":100,"311":23,"312":23,"313":100,"314":100,"315":138,"316":138,"317":138,"318":107,"319":107,"320":90,"321":107,"322":60,"323":138,"324":100,"325":100,"326":221,"327":158,"328":158,"329":158,"330":91,"331":91,"332":42,"333":91,"334":91,"335":44,"336":91,"337":91,"338":169,"339":169,"340":169,"341":73,"342":73,"343":76,"344":73,"345":61,"346":169,"347":67,"348":67,"349":27,"350":67,"351":67,"352":46,"353":67,"354":67,"355":97,"356":97,"357":97,"358":68,"359":68,"360":58,"361":68,"362":33,"363":97,"364":158,"365":221,"366":83,"367":83,"368":83,"369":14,"370":14,"371":14,"372":157,"373":14,"374":30,"375":30,"376":30,"377":30,"378":14,"379":69,"380":69,"381":69,"382":370,"383":69,"384":107,"385":107,"386":107,"387":107,"388":69,"389":83,"390":138,"391":129,"392":129,"393":129,"394":369,"395":152,"396":152,"397":10,"398":10,"399":129,"400":30,"401":30,"402":12,"403":12,"404":0,"405":30,"406":15,"407":15,"408":0,"409":30,"410":7,"411":7,"412":0,"413":30,"414":10,"415":10,"416":0,"417":30,"418":22,"419":22,"420":134,"421":134,"422":11,"423":11,"424":11,"425":11,"426":11,"427":11,"428":33,"429":22,"430":22,"431":22,"432":2,"433":2,"434":22,"435":11,"436":11,"437":11,"438":11,"439":11,"440":12,"441":12,"442":11,"443":11,"444":11,"445":23,"446":23,"447":1,"448":22,"449":22,"450":22,"451":12,"452":12,"453":12,"454":12,"455":13,"456":13,"457":13,"458":13,"459":2,"460":13,"461":12,"462":13,"463":12,"464":12,"465":12,"466":12,"467":1,"468":1,"469":1,"470":10,"471":11,"472":11,"473":10,"474":28,"475":28,"476":28,"477":32,"478":129,"479":129,"480":129,"481":10,"482":22,"483":30,"484":30,"485":30,"486":0,"487":18,"488":7,"489":5,"490":4,"491":4,"492":1,"493":2,"494":11,"495":11,"496":11,"497":23,"498":11,"499":11,"500":12,"501":11,"502":7,"503":7,"504":34,"505":34,"506":34,"507":271,"508":34,"509":7,"510":7,"511":42,"512":42,"513":271,"514":92,"515":179,"516":5,"517":1,"518":1,"519":1,"520":3,"521":3,"522":3,"523":9,"524":3,"525":4,"526":4,"527":24,"528":24,"529":234,"530":1,"531":4,"532":7,"533":7,"534":7,"535":7,"536":7,"537":7,"538":7,"539":7,"540":7,"541":7,"542":7,"543":7,"544":7,"545":7,"546":91,"547":7,"548":7,"549":7,"550":1,"551":1,"552":6,"553":1,"554":1,"555":5,"556":5,"557":5,"558":1,"559":4,"560":1,"561":3,"562":1},"f":{"0":92,"1":242,"2":91,"3":1539,"4":238,"5":442,"6":737,"7":161,"8":316,"9":56,"10":235,"11":568,"12":159,"13":7,"14":6,"15":221,"16":158,"17":221,"18":129,"19":369,"20":30,"21":22,"22":11,"23":33,"24":28,"25":7,"26":7,"27":5,"28":7},"b":{"0":[50,192],"1":[242,217],"2":[1,90],"3":[11,79],"4":[7,72],"5":[21,69],"6":[90,26],"7":[336,1203],"8":[256,80],"9":[13,1190],"10":[638,552],"11":[122,430],"12":[142,1384],"13":[1526,546,142],"14":[1153,373],"15":[802,351],"16":[1153,1013],"17":[211,942],"18":[1153,211],"19":[897,256],"20":[99,1427],"21":[1526,132],"22":[109,1318],"23":[1427,1394],"24":[186,52],"25":[104,82],"26":[52,52],"27":[93,93],"28":[93,90],"29":[154,288],"30":[350,92],"31":[221,221],"32":[221,214],"33":[256,186],"34":[223,514],"35":[737,302],"36":[122,101],"37":[9,113],"38":[223,217],"39":[54,132],"40":[186,116],"41":[69,92],"42":[69,68],"43":[442,442],"44":[316,0],"45":[266,50],"46":[72,244],"47":[316,72],"48":[289,27],"49":[18,271],"50":[289,211],"51":[22,34],"52":[56,38,26],"53":[5,17],"54":[22,17,1],"55":[7,10],"56":[76,195],"57":[271,78],"58":[124,111],"59":[235,159,129],"60":[103,21],"61":[43,60],"62":[103,103,56],"63":[0,60],"64":[193,2],"65":[195,193],"66":[206,362],"67":[568,375,239],"68":[100,106],"69":[158,158],"70":[130,29],"71":[98,32],"72":[78,20],"73":[98,83],"74":[38,40],"75":[78,52],"76":[40,0],"77":[65,65],"78":[92,179],"79":[91,166],"80":[77,14],"81":[91,77],"82":[217,203],"83":[63,14],"84":[75,16],"85":[91,75],"86":[195,178],"87":[58,17],"88":[1,90],"89":[121,100],"90":[221,160],"91":[61,60],"92":[47,74],"93":[13,108],"94":[338,121],"95":[121,96],"96":[236,200],"97":[85,36],"98":[121,85],"99":[85,82],"100":[121,118],"101":[47,53],"102":[18,82],"103":[23,77],"104":[107,31],"105":[197,150],"106":[60,47],"107":[107,60],"108":[60,58],"109":[100,96],"110":[91,67],"111":[158,116],"112":[42,49],"113":[44,47],"114":[73,96],"115":[149,137],"116":[61,12],"117":[73,61],"118":[27,40],"119":[46,21],"120":[68,29],"121":[126,91],"122":[33,35],"123":[68,33],"124":[83,138],"125":[14,69],"126":[152,217],"127":[10,142],"128":[12,18],"129":[30,24],"130":[0,12],"131":[15,15],"132":[30,24],"133":[0,15],"134":[7,23],"135":[30,16],"136":[0,7],"137":[10,20],"138":[30,21],"139":[0,10],"140":[22,11],"141":[2,20],"142":[12,12],"143":[23,0],"144":[1,22],"145":[12,10],"146":[2,11],"147":[13,13],"148":[12,1],"149":[12,12],"150":[1,1],"151":[50,24],"152":[10,119],"153":[0,30],"154":[7,11],"155":[5,2],"156":[4,1],"157":[34,23],"158":[11,12],"159":[92,179],"160":[1,4],"161":[1,233],"162":[1,6],"163":[1,5],"164":[1,4],"165":[1,3]},"_coverageSchema":"1a1c01bbd47fc00a2c39e90264f33305004495a9","hash":"3234b06eb5a08be2473c1b060bf7ec760a4b966d"}
}
