TN:
SF:AI\HashiConnectionChecker.js
FN:17,(anonymous_0)
FN:25,reader
FN:56,mergeChains
FN:83,checkChains
FN:127,copySolution
FN:140,checkConnection
FNF:6
FNH:6
FNDA:175,(anonymous_0)
FNDA:7,reader
FNDA:170,mergeChains
FNDA:7,checkChains
FNDA:7,copySolution
FNDA:7,checkConnection
DA:2,1
DA:3,1
DA:4,1
DA:5,1
DA:19,175
DA:20,175
DA:21,175
DA:28,7
DA:31,7
DA:32,47
DA:35,502
DA:38,175
DA:41,175
DA:44,175
DA:46,175
DA:48,175
DA:53,7
DA:58,170
DA:60,166
DA:62,116
DA:64,152
DA:65,152
DA:66,152
DA:72,50
DA:74,105
DA:75,105
DA:76,105
DA:79,166
DA:86,7
DA:89,175
DA:90,175
DA:91,175
DA:92,175
DA:95,175
DA:98,82
DA:99,82
DA:100,64
DA:104,82
DA:107,82
DA:108,82
DA:109,82
DA:112,175
DA:114,88
DA:115,88
DA:116,27
DA:119,88
DA:121,88
DA:122,88
DA:130,7
DA:133,7
DA:134,47
DA:137,7
DA:143,7
DA:145,7
DA:147,7
DA:149,7
DA:150,7
DA:153,7
DA:156,7
DA:158,7
DA:160,7
DA:161,5
DA:164,2
DA:168,1
LF:64
LH:64
BRDA:35,0,0,175
BRDA:35,0,1,327
BRDA:35,1,0,502
BRDA:35,1,1,436
BRDA:58,2,0,166
BRDA:58,2,1,4
BRDA:60,3,0,116
BRDA:60,3,1,50
BRDA:95,4,0,82
BRDA:95,4,1,93
BRDA:95,5,0,175
BRDA:95,5,1,153
BRDA:95,5,2,104
BRDA:99,6,0,146
BRDA:99,6,1,105
BRDA:112,7,0,88
BRDA:112,7,1,87
BRDA:112,8,0,175
BRDA:112,8,1,150
BRDA:112,8,2,90
BRDA:115,9,0,115
BRDA:115,9,1,97
BRDA:160,10,0,5
BRDA:160,10,1,2
BRF:24
BRH:24
end_of_record
TN:
SF:AI\HashiSolver.js
FN:60,(anonymous_0)
FN:86,(anonymous_1)
FN:109,(anonymous_2)
FN:148,(anonymous_3)
FN:237,(anonymous_4)
FN:288,(anonymous_5)
FN:325,(anonymous_6)
FN:374,(anonymous_7)
FN:400,(anonymous_8)
FN:441,(anonymous_9)
FN:488,(anonymous_10)
FN:532,(anonymous_11)
FN:571,(anonymous_12)
FN:615,createIslandData
FN:641,createConnections
FN:710,buildBridge
FN:834,breakBridge
FN:918,chainIslands
FN:971,buildAll
FN:977,(anonymous_19)
FN:990,linkDoubles
FN:1030,revertState
FN:1041,tryCombinations
FN:1049,(anonymous_23)
FN:1134,solveHashi
FN:1206,createCopy
FN:1217,resetPuzzle
FN:1231,checkSolution
FN:1257,HashiSolverMain
FNF:29
FNH:29
FNDA:92,(anonymous_0)
FNDA:242,(anonymous_1)
FNDA:91,(anonymous_2)
FNDA:1539,(anonymous_3)
FNDA:238,(anonymous_4)
FNDA:442,(anonymous_5)
FNDA:737,(anonymous_6)
FNDA:161,(anonymous_7)
FNDA:316,(anonymous_8)
FNDA:56,(anonymous_9)
FNDA:235,(anonymous_10)
FNDA:568,(anonymous_11)
FNDA:159,(anonymous_12)
FNDA:7,createIslandData
FNDA:6,createConnections
FNDA:221,buildBridge
FNDA:158,breakBridge
FNDA:221,chainIslands
FNDA:129,buildAll
FNDA:369,(anonymous_19)
FNDA:30,linkDoubles
FNDA:22,revertState
FNDA:11,tryCombinations
FNDA:33,(anonymous_23)
FNDA:28,solveHashi
FNDA:7,createCopy
FNDA:7,resetPuzzle
FNDA:5,checkSolution
FNDA:7,HashiSolverMain
DA:1,1
DA:4,1
DA:5,1
DA:6,1
DA:7,1
DA:12,1
DA:20,1
DA:36,1
DA:62,92
DA:63,92
DA:65,92
DA:67,92
DA:69,92
DA:71,92
DA:73,92
DA:75,92
DA:77,92
DA:79,92
DA:81,92
DA:83,92
DA:88,242
DA:91,242
DA:92,50
DA:93,50
DA:97,192
DA:98,192
DA:99,192
DA:104,242
DA:105,242
DA:112,91
DA:113,1
DA:117,90
DA:118,11
DA:122,79
DA:123,7
DA:129,72
DA:130,72
DA:131,72
DA:132,72
DA:136,90
DA:139,90
DA:140,21
DA:141,21
DA:144,90
DA:152,1539
DA:154,1539
DA:155,336
DA:156,336
DA:157,256
DA:163,1203
DA:164,13
DA:168,1190
DA:169,638
DA:173,552
DA:174,122
DA:179,430
DA:180,430
DA:181,430
DA:182,430
DA:186,1526
DA:187,142
DA:191,1526
DA:194,1153
DA:196,802
DA:198,802
DA:199,802
DA:200,3406
DA:203,802
DA:206,1153
DA:207,211
DA:210,1153
DA:211,1153
DA:212,897
DA:217,1526
DA:219,99
DA:220,99
DA:221,117
DA:224,99
DA:228,1427
DA:229,109
DA:232,1526
DA:234,1526
DA:240,238
DA:243,186
DA:245,186
DA:247,104
DA:249,104
DA:251,104
DA:253,104
DA:254,52
DA:256,104
DA:259,82
DA:263,186
DA:265,186
DA:268,186
DA:271,93
DA:274,93
DA:277,93
DA:281,93
DA:285,52
DA:291,442
DA:294,442
DA:295,442
DA:296,154
DA:298,442
DA:299,442
DA:300,442
DA:301,350
DA:305,442
DA:307,442
DA:309,442
DA:311,221
DA:313,221
DA:317,442
DA:320,256
DA:321,256
DA:322,256
DA:325,256
DA:328,737
DA:330,737
DA:332,737
DA:335,737
DA:338,223
DA:341,223
DA:344,122
DA:347,122
DA:348,9
DA:352,122
DA:356,223
DA:359,223
DA:365,186
DA:368,54
DA:371,54
DA:374,54
DA:377,161
DA:378,161
DA:381,161
DA:384,69
DA:386,69
DA:388,69
DA:389,69
DA:390,69
DA:392,69
DA:397,442
DA:403,316
DA:405,316
DA:407,316
DA:408,316
DA:410,316
DA:411,316
DA:414,316
DA:416,266
DA:422,316
DA:424,316
DA:425,316
DA:426,72
DA:429,316
DA:431,316
DA:434,316
DA:436,289
DA:439,289
DA:441,18
DA:444,56
DA:446,22
DA:447,22
DA:450,22
DA:453,5
DA:454,5
DA:456,5
DA:457,5
DA:459,5
DA:460,5
DA:464,17
DA:467,7
DA:468,7
DA:470,7
DA:471,7
DA:473,7
DA:474,7
DA:476,7
DA:477,7
DA:479,22
DA:486,271
DA:488,76
DA:491,235
DA:493,124
DA:494,124
DA:497,124
DA:500,103
DA:502,43
DA:503,43
DA:504,43
DA:505,43
DA:506,43
DA:507,43
DA:511,60
DA:514,0
DA:515,0
DA:516,0
DA:517,0
DA:518,0
DA:519,0
DA:521,103
DA:530,195
DA:532,193
DA:535,568
DA:538,206
DA:539,206
DA:542,206
DA:545,100
DA:546,100
DA:549,100
DA:550,100
DA:552,100
DA:553,100
DA:555,100
DA:564,316
DA:566,158
DA:568,316
DA:574,159
DA:576,130
DA:577,130
DA:579,130
DA:581,130
DA:585,98
DA:588,78
DA:589,38
DA:590,38
DA:591,38
DA:594,40
DA:595,40
DA:596,40
DA:597,40
DA:598,40
DA:601,78
DA:606,130
DA:608,65
DA:617,7
DA:620,7
DA:621,42
DA:624,271
DA:626,92
DA:628,92
DA:630,92
DA:632,92
DA:634,92
DA:638,7
DA:644,6
DA:645,37
DA:648,257
DA:651,91
DA:654,91
DA:656,91
DA:658,77
DA:659,140
DA:663,77
DA:665,63
DA:667,63
DA:669,63
DA:675,91
DA:677,91
DA:679,75
DA:680,120
DA:684,75
DA:686,58
DA:688,58
DA:690,58
DA:695,91
DA:696,1
DA:701,90
DA:702,90
DA:707,5
DA:712,221
DA:714,221
DA:715,221
DA:718,221
DA:721,121
DA:723,121
DA:726,121
DA:728,121
DA:729,61
DA:733,121
DA:734,47
DA:735,47
DA:739,121
DA:740,13
DA:743,121
DA:746,121
DA:749,217
DA:750,217
DA:753,217
DA:755,121
DA:757,121
DA:758,115
DA:761,121
DA:762,85
DA:767,217
DA:770,121
DA:773,121
DA:778,100
DA:780,100
DA:781,100
DA:783,100
DA:784,47
DA:787,100
DA:788,18
DA:791,100
DA:792,23
DA:793,23
DA:796,100
DA:798,100
DA:800,138
DA:801,138
DA:804,138
DA:807,107
DA:810,107
DA:811,90
DA:816,107
DA:817,60
DA:822,138
DA:825,100
DA:828,100
DA:831,221
DA:836,158
DA:837,158
DA:839,158
DA:841,91
DA:843,91
DA:844,42
DA:847,91
DA:850,91
DA:851,44
DA:854,91
DA:856,91
DA:858,169
DA:859,169
DA:861,169
DA:863,73
DA:864,73
DA:865,76
DA:868,73
DA:869,61
DA:873,169
DA:879,67
DA:881,67
DA:882,27
DA:885,67
DA:887,67
DA:888,46
DA:891,67
DA:893,67
DA:895,97
DA:896,97
DA:898,97
DA:900,68
DA:901,68
DA:902,58
DA:906,68
DA:907,33
DA:911,97
DA:915,158
DA:921,221
DA:923,83
DA:924,83
DA:926,83
DA:928,14
DA:930,14
DA:931,157
DA:934,14
DA:936,30
DA:937,30
DA:938,30
DA:939,30
DA:942,14
DA:947,69
DA:949,69
DA:950,370
DA:953,69
DA:954,107
DA:955,107
DA:956,107
DA:957,107
DA:960,69
DA:963,83
DA:967,138
DA:973,129
DA:975,129
DA:977,129
DA:978,369
DA:979,152
DA:980,152
DA:981,10
DA:982,10
DA:987,129
DA:992,30
DA:994,30
DA:995,12
DA:996,12
DA:997,0
DA:1002,30
DA:1003,15
DA:1004,15
DA:1005,0
DA:1011,30
DA:1012,7
DA:1013,7
DA:1014,0
DA:1019,30
DA:1020,10
DA:1021,10
DA:1022,0
DA:1027,30
DA:1032,22
DA:1034,22
DA:1036,134
DA:1037,134
DA:1043,11
DA:1044,11
DA:1045,11
DA:1046,11
DA:1048,11
DA:1049,11
DA:1051,33
DA:1052,22
DA:1053,22
DA:1055,22
DA:1056,2
DA:1057,2
DA:1060,22
DA:1066,11
DA:1068,11
DA:1069,11
DA:1071,11
DA:1072,12
DA:1073,12
DA:1076,11
DA:1078,11
DA:1080,11
DA:1082,23
DA:1083,23
DA:1084,1
DA:1086,22
DA:1089,22
DA:1091,22
DA:1093,12
DA:1094,12
DA:1095,12
DA:1097,12
DA:1099,13
DA:1100,13
DA:1101,13
DA:1102,13
DA:1103,2
DA:1105,13
DA:1106,12
DA:1108,13
DA:1111,12
DA:1112,12
DA:1113,12
DA:1115,12
DA:1117,1
DA:1118,1
DA:1119,1
DA:1124,10
DA:1125,11
DA:1126,11
DA:1131,10
DA:1137,28
DA:1140,28
DA:1143,28
DA:1146,32
DA:1148,129
DA:1149,129
DA:1150,129
DA:1151,10
DA:1156,22
DA:1158,30
DA:1159,30
DA:1160,30
DA:1161,0
DA:1167,18
DA:1169,7
DA:1170,5
DA:1171,4
DA:1172,4
DA:1175,1
DA:1179,2
DA:1186,11
DA:1187,11
DA:1190,11
DA:1192,23
DA:1193,11
DA:1194,11
DA:1197,12
DA:1201,11
DA:1208,7
DA:1209,34
DA:1210,34
DA:1211,271
DA:1213,34
DA:1219,7
DA:1220,42
DA:1221,271
DA:1222,92
DA:1225,179
DA:1233,5
DA:1234,1
DA:1235,1
DA:1236,3
DA:1237,3
DA:1238,9
DA:1240,3
DA:1244,4
DA:1245,24
DA:1246,234
DA:1247,1
DA:1254,4
DA:1260,7
DA:1261,7
DA:1262,7
DA:1263,7
DA:1264,7
DA:1265,7
DA:1266,7
DA:1267,7
DA:1268,7
DA:1269,7
DA:1270,7
DA:1271,7
DA:1273,7
DA:1274,91
DA:1277,7
DA:1280,7
DA:1281,7
DA:1282,1
DA:1283,1
DA:1286,6
DA:1287,1
DA:1288,1
DA:1291,5
DA:1292,5
DA:1294,5
DA:1295,1
DA:1297,4
DA:1298,1
DA:1301,3
DA:1305,1
LF:547
LH:536
BRDA:91,0,0,50
BRDA:91,0,1,192
BRDA:91,1,0,242
BRDA:91,1,1,217
BRDA:112,2,0,1
BRDA:112,2,1,90
BRDA:117,3,0,11
BRDA:117,3,1,79
BRDA:122,4,0,7
BRDA:122,4,1,72
BRDA:139,5,0,21
BRDA:139,5,1,69
BRDA:139,6,0,90
BRDA:139,6,1,26
BRDA:154,7,0,336
BRDA:154,7,1,1203
BRDA:156,8,0,256
BRDA:156,8,1,80
BRDA:163,9,0,13
BRDA:163,9,1,1190
BRDA:168,10,0,638
BRDA:168,10,1,552
BRDA:173,11,0,122
BRDA:173,11,1,430
BRDA:186,12,0,142
BRDA:186,12,1,1384
BRDA:186,13,0,1526
BRDA:186,13,1,546
BRDA:186,13,2,142
BRDA:191,14,0,1153
BRDA:191,14,1,373
BRDA:194,15,0,802
BRDA:194,15,1,351
BRDA:194,16,0,1153
BRDA:194,16,1,1013
BRDA:206,17,0,211
BRDA:206,17,1,942
BRDA:206,18,0,1153
BRDA:206,18,1,211
BRDA:211,19,0,897
BRDA:211,19,1,256
BRDA:217,20,0,99
BRDA:217,20,1,1427
BRDA:217,21,0,1526
BRDA:217,21,1,132
BRDA:228,22,0,109
BRDA:228,22,1,1318
BRDA:228,23,0,1427
BRDA:228,23,1,1394
BRDA:240,24,0,186
BRDA:240,24,1,52
BRDA:245,25,0,104
BRDA:245,25,1,82
BRDA:253,26,0,52
BRDA:253,26,1,52
BRDA:268,27,0,93
BRDA:268,27,1,93
BRDA:277,28,0,93
BRDA:277,28,1,90
BRDA:295,29,0,154
BRDA:295,29,1,288
BRDA:300,30,0,350
BRDA:300,30,1,92
BRDA:309,31,0,221
BRDA:309,31,1,221
BRDA:313,32,0,221
BRDA:313,32,1,214
BRDA:317,33,0,256
BRDA:317,33,1,186
BRDA:335,34,0,223
BRDA:335,34,1,514
BRDA:335,35,0,737
BRDA:335,35,1,302
BRDA:341,36,0,122
BRDA:341,36,1,101
BRDA:347,37,0,9
BRDA:347,37,1,113
BRDA:359,38,0,223
BRDA:359,38,1,217
BRDA:365,39,0,54
BRDA:365,39,1,132
BRDA:365,40,0,186
BRDA:365,40,1,116
BRDA:381,41,0,69
BRDA:381,41,1,92
BRDA:392,42,0,69
BRDA:392,42,1,68
BRDA:397,43,0,442
BRDA:397,43,1,442
BRDA:410,44,0,316
BRDA:410,44,1,0
BRDA:414,45,0,266
BRDA:414,45,1,50
BRDA:425,46,0,72
BRDA:425,46,1,244
BRDA:425,47,0,316
BRDA:425,47,1,72
BRDA:434,48,0,289
BRDA:434,48,1,27
BRDA:439,49,0,18
BRDA:439,49,1,271
BRDA:439,50,0,289
BRDA:439,50,1,211
BRDA:444,51,0,22
BRDA:444,51,1,34
BRDA:444,52,0,56
BRDA:444,52,1,38
BRDA:444,52,2,26
BRDA:450,53,0,5
BRDA:450,53,1,17
BRDA:450,54,0,22
BRDA:450,54,1,17
BRDA:450,54,2,1
BRDA:464,55,0,7
BRDA:464,55,1,10
BRDA:486,56,0,76
BRDA:486,56,1,195
BRDA:486,57,0,271
BRDA:486,57,1,78
BRDA:491,58,0,124
BRDA:491,58,1,111
BRDA:491,59,0,235
BRDA:491,59,1,159
BRDA:491,59,2,129
BRDA:497,60,0,103
BRDA:497,60,1,21
BRDA:500,61,0,43
BRDA:500,61,1,60
BRDA:500,62,0,103
BRDA:500,62,1,103
BRDA:500,62,2,56
BRDA:511,63,0,0
BRDA:511,63,1,60
BRDA:530,64,0,193
BRDA:530,64,1,2
BRDA:530,65,0,195
BRDA:530,65,1,193
BRDA:535,66,0,206
BRDA:535,66,1,362
BRDA:535,67,0,568
BRDA:535,67,1,375
BRDA:535,67,2,239
BRDA:542,68,0,100
BRDA:542,68,1,106
BRDA:564,69,0,158
BRDA:564,69,1,158
BRDA:574,70,0,130
BRDA:574,70,1,29
BRDA:581,71,0,98
BRDA:581,71,1,32
BRDA:585,72,0,78
BRDA:585,72,1,20
BRDA:585,73,0,98
BRDA:585,73,1,83
BRDA:588,74,0,38
BRDA:588,74,1,40
BRDA:588,75,0,78
BRDA:588,75,1,52
BRDA:594,76,0,40
BRDA:594,76,1,0
BRDA:606,77,0,65
BRDA:606,77,1,65
BRDA:624,78,0,92
BRDA:624,78,1,179
BRDA:648,79,0,91
BRDA:648,79,1,166
BRDA:656,80,0,77
BRDA:656,80,1,14
BRDA:656,81,0,91
BRDA:656,81,1,77
BRDA:658,82,0,217
BRDA:658,82,1,203
BRDA:663,83,0,63
BRDA:663,83,1,14
BRDA:677,84,0,75
BRDA:677,84,1,16
BRDA:677,85,0,91
BRDA:677,85,1,75
BRDA:679,86,0,195
BRDA:679,86,1,178
BRDA:684,87,0,58
BRDA:684,87,1,17
BRDA:695,88,0,1
BRDA:695,88,1,90
BRDA:718,89,0,121
BRDA:718,89,1,100
BRDA:718,90,0,221
BRDA:718,90,1,160
BRDA:728,91,0,61
BRDA:728,91,1,60
BRDA:733,92,0,47
BRDA:733,92,1,74
BRDA:739,93,0,13
BRDA:739,93,1,108
BRDA:746,94,0,338
BRDA:746,94,1,121
BRDA:753,95,0,121
BRDA:753,95,1,96
BRDA:757,96,0,236
BRDA:757,96,1,200
BRDA:761,97,0,85
BRDA:761,97,1,36
BRDA:761,98,0,121
BRDA:761,98,1,85
BRDA:762,99,0,85
BRDA:762,99,1,82
BRDA:770,100,0,121
BRDA:770,100,1,118
BRDA:783,101,0,47
BRDA:783,101,1,53
BRDA:787,102,0,18
BRDA:787,102,1,82
BRDA:791,103,0,23
BRDA:791,103,1,77
BRDA:804,104,0,107
BRDA:804,104,1,31
BRDA:810,105,0,197
BRDA:810,105,1,150
BRDA:816,106,0,60
BRDA:816,106,1,47
BRDA:816,107,0,107
BRDA:816,107,1,60
BRDA:817,108,0,60
BRDA:817,108,1,58
BRDA:825,109,0,100
BRDA:825,109,1,96
BRDA:839,110,0,91
BRDA:839,110,1,67
BRDA:839,111,0,158
BRDA:839,111,1,116
BRDA:843,112,0,42
BRDA:843,112,1,49
BRDA:850,113,0,44
BRDA:850,113,1,47
BRDA:861,114,0,73
BRDA:861,114,1,96
BRDA:864,115,0,149
BRDA:864,115,1,137
BRDA:868,116,0,61
BRDA:868,116,1,12
BRDA:868,117,0,73
BRDA:868,117,1,61
BRDA:881,118,0,27
BRDA:881,118,1,40
BRDA:887,119,0,46
BRDA:887,119,1,21
BRDA:898,120,0,68
BRDA:898,120,1,29
BRDA:901,121,0,126
BRDA:901,121,1,91
BRDA:906,122,0,33
BRDA:906,122,1,35
BRDA:906,123,0,68
BRDA:906,123,1,33
BRDA:921,124,0,83
BRDA:921,124,1,138
BRDA:926,125,0,14
BRDA:926,125,1,69
BRDA:978,126,0,152
BRDA:978,126,1,217
BRDA:980,127,0,10
BRDA:980,127,1,142
BRDA:994,128,0,12
BRDA:994,128,1,18
BRDA:994,129,0,30
BRDA:994,129,1,24
BRDA:996,130,0,0
BRDA:996,130,1,12
BRDA:1002,131,0,15
BRDA:1002,131,1,15
BRDA:1002,132,0,30
BRDA:1002,132,1,24
BRDA:1004,133,0,0
BRDA:1004,133,1,15
BRDA:1011,134,0,7
BRDA:1011,134,1,23
BRDA:1011,135,0,30
BRDA:1011,135,1,16
BRDA:1013,136,0,0
BRDA:1013,136,1,7
BRDA:1019,137,0,10
BRDA:1019,137,1,20
BRDA:1019,138,0,30
BRDA:1019,138,1,21
BRDA:1021,139,0,0
BRDA:1021,139,1,10
BRDA:1051,140,0,22
BRDA:1051,140,1,11
BRDA:1055,141,0,2
BRDA:1055,141,1,20
BRDA:1073,142,0,12
BRDA:1073,142,1,12
BRDA:1082,143,0,23
BRDA:1082,143,1,0
BRDA:1083,144,0,1
BRDA:1083,144,1,22
BRDA:1091,145,0,12
BRDA:1091,145,1,10
BRDA:1102,146,0,2
BRDA:1102,146,1,11
BRDA:1102,147,0,13
BRDA:1102,147,1,13
BRDA:1105,148,0,12
BRDA:1105,148,1,1
BRDA:1112,149,0,12
BRDA:1112,149,1,12
BRDA:1118,150,0,1
BRDA:1118,150,1,1
BRDA:1143,151,0,50
BRDA:1143,151,1,24
BRDA:1150,152,0,10
BRDA:1150,152,1,119
BRDA:1160,153,0,0
BRDA:1160,153,1,30
BRDA:1167,154,0,7
BRDA:1167,154,1,11
BRDA:1169,155,0,5
BRDA:1169,155,1,2
BRDA:1170,156,0,4
BRDA:1170,156,1,1
BRDA:1190,157,0,34
BRDA:1190,157,1,23
BRDA:1192,158,0,11
BRDA:1192,158,1,12
BRDA:1221,159,0,92
BRDA:1221,159,1,179
BRDA:1233,160,0,1
BRDA:1233,160,1,4
BRDA:1246,161,0,1
BRDA:1246,161,1,233
BRDA:1281,162,0,1
BRDA:1281,162,1,6
BRDA:1286,163,0,1
BRDA:1286,163,1,5
BRDA:1294,164,0,1
BRDA:1294,164,1,4
BRDA:1297,165,0,1
BRDA:1297,165,1,3
BRF:338
BRH:329
end_of_record
